This is XeTeX, Version 3.141592653-2.6-0.999993 (TeX Live 2021/W32TeX) (preloaded format=xelatex 2021.10.16)  16 OCT 2021 10:38
entering extended mode
 restricted \write18 enabled.
 %&-line parsing enabled.
**index.tex
(./index.tex
LaTeX2e <2021-06-01> patch level 1
L3 programming layer <2021-10-12> (./awesome-cv.cls
Document Class: awesome-cv 2017/02/05 v1.6.1 Awesome Curriculum Vitae Class

(c:/Users/A00315273/AppData/Roaming/TinyTeX/texmf-dist/tex/latex/base/article.c
ls
Document Class: article 2021/02/12 v1.4n Standard LaTeX document class

(c:/Users/A00315273/AppData/Roaming/TinyTeX/texmf-dist/tex/latex/base/size11.cl
o
File: size11.clo 2021/02/12 v1.4n Standard LaTeX file (size option)
)
\c@part=\count178
\c@section=\count179
\c@subsection=\count180
\c@subsubsection=\count181
\c@paragraph=\count182
\c@subparagraph=\count183
\c@figure=\count184
\c@table=\count185
\abovecaptionskip=\skip47
\belowcaptionskip=\skip48
\bibindent=\dimen138
)
(c:/Users/A00315273/AppData/Roaming/TinyTeX/texmf-dist/tex/latex/tools/array.st
y
Package: array 2021/04/20 v2.5e Tabular extension package (FMi)
\col@sep=\dimen139
\ar@mcellbox=\box50
\extrarowheight=\dimen140
\NC@list=\toks16
\extratabsurround=\skip49
\backup@length=\skip50
\ar@cellbox=\box51
)
(c:/Users/A00315273/AppData/Roaming/TinyTeX/texmf-dist/tex/latex/enumitem/enumi
tem.sty
Package: enumitem 2019/06/20 v3.9 Customized lists
\enitkv@toks@=\toks17
\labelindent=\skip51
\enit@outerparindent=\dimen141
\enit@toks=\toks18
\enit@inbox=\box52
\enit@count@id=\count186
\enitdp@description=\count187
)
(c:/Users/A00315273/AppData/Roaming/TinyTeX/texmf-dist/tex/latex/ragged2e/ragge
d2e.sty
Package: ragged2e 2021/02/05 v3.0 ragged2e Package
\CenteringLeftskip=\skip52
\RaggedLeftLeftskip=\skip53
\RaggedRightLeftskip=\skip54
\CenteringRightskip=\skip55
\RaggedLeftRightskip=\skip56
\RaggedRightRightskip=\skip57
\CenteringParfillskip=\skip58
\RaggedLeftParfillskip=\skip59
\RaggedRightParfillskip=\skip60
\JustifyingParfillskip=\skip61
\CenteringParindent=\skip62
\RaggedLeftParindent=\skip63
\RaggedRightParindent=\skip64
\JustifyingParindent=\skip65
)
(c:/Users/A00315273/AppData/Roaming/TinyTeX/texmf-dist/tex/latex/geometry/geome
try.sty
Package: geometry 2020/01/02 v5.9 Page Geometry

(c:/Users/A00315273/AppData/Roaming/TinyTeX/texmf-dist/tex/latex/graphics/keyva
l.sty
Package: keyval 2014/10/28 v1.15 key=value parser (DPC)
\KV@toks@=\toks19
)
(c:/Users/A00315273/AppData/Roaming/TinyTeX/texmf-dist/tex/generic/iftex/ifvtex
.sty
Package: ifvtex 2019/10/25 v1.7 ifvtex legacy package. Use iftex instead.

(c:/Users/A00315273/AppData/Roaming/TinyTeX/texmf-dist/tex/generic/iftex/iftex.
sty
Package: iftex 2020/03/06 v1.0d TeX engine tests
))
\Gm@cnth=\count188
\Gm@cntv=\count189
\c@Gm@tempcnt=\count190
\Gm@bindingoffset=\dimen142
\Gm@wd@mp=\dimen143
\Gm@odd@mp=\dimen144
\Gm@even@mp=\dimen145
\Gm@layoutwidth=\dimen146
\Gm@layoutheight=\dimen147
\Gm@layouthoffset=\dimen148
\Gm@layoutvoffset=\dimen149
\Gm@dimlist=\toks20
)
(c:/Users/A00315273/AppData/Roaming/TinyTeX/texmf-dist/tex/latex/fancyhdr/fancy
hdr.sty
Package: fancyhdr 2021/01/28 v4.0.1 Extensive control of page headers and foote
rs
\f@nch@headwidth=\skip66
\f@nch@O@elh=\skip67
\f@nch@O@erh=\skip68
\f@nch@O@olh=\skip69
\f@nch@O@orh=\skip70
\f@nch@O@elf=\skip71
\f@nch@O@erf=\skip72
\f@nch@O@olf=\skip73
\f@nch@O@orf=\skip74
)
(c:/Users/A00315273/AppData/Roaming/TinyTeX/texmf-dist/tex/latex/xcolor/xcolor.
sty
Package: xcolor 2016/05/11 v2.12 LaTeX color extensions (UK)

(c:/Users/A00315273/AppData/Roaming/TinyTeX/texmf-dist/tex/latex/graphics-cfg/c
olor.cfg
File: color.cfg 2016/01/02 v1.6 sample color configuration
)
Package xcolor Info: Driver file: xetex.def on input line 225.

(c:/Users/A00315273/AppData/Roaming/TinyTeX/texmf-dist/tex/latex/graphics-def/x
etex.def
File: xetex.def 2021/03/18 v5.0k Graphics/color driver for xetex
)
Package xcolor Info: Model `cmy' substituted by `cmy0' on input line 1348.
Package xcolor Info: Model `RGB' extended on input line 1364.
Package xcolor Info: Model `HTML' substituted by `rgb' on input line 1366.
Package xcolor Info: Model `Hsb' substituted by `hsb' on input line 1367.
Package xcolor Info: Model `tHsb' substituted by `hsb' on input line 1368.
Package xcolor Info: Model `HSB' substituted by `hsb' on input line 1369.
Package xcolor Info: Model `Gray' substituted by `gray' on input line 1370.
Package xcolor Info: Model `wave' substituted by `hsb' on input line 1371.
)
(c:/Users/A00315273/AppData/Roaming/TinyTeX/texmf-dist/tex/generic/iftex/ifxete
x.sty
Package: ifxetex 2019/10/25 v0.7 ifxetex legacy package. Use iftex instead.
)
(c:/Users/A00315273/AppData/Roaming/TinyTeX/texmf-dist/tex/latex/xifthen/xifthe
n.sty
Package: xifthen 2015/11/05 v1.4.0 Extended ifthen features

(c:/Users/A00315273/AppData/Roaming/TinyTeX/texmf-dist/tex/latex/tools/calc.sty
Package: calc 2017/05/25 v4.3 Infix arithmetic (KKT,FJ)
\calc@Acount=\count191
\calc@Bcount=\count192
\calc@Adimen=\dimen150
\calc@Bdimen=\dimen151
\calc@Askip=\skip75
\calc@Bskip=\skip76
LaTeX Info: Redefining \setlength on input line 80.
LaTeX Info: Redefining \addtolength on input line 81.
\calc@Ccount=\count193
\calc@Cskip=\skip77
)
(c:/Users/A00315273/AppData/Roaming/TinyTeX/texmf-dist/tex/latex/base/ifthen.st
y
Package: ifthen 2020/11/24 v1.1c Standard LaTeX ifthen package (DPC)
)
(c:/Users/A00315273/AppData/Roaming/TinyTeX/texmf-dist/tex/latex/ifmtarg/ifmtar
g.sty
Package: ifmtarg 2018/04/16 v1.2b check for an empty argument
))
(c:/Users/A00315273/AppData/Roaming/TinyTeX/texmf-dist/tex/latex/etoolbox/etool
box.sty
Package: etoolbox 2020/10/05 v2.5k e-TeX tools for LaTeX (JAW)
\etb@tempcnta=\count194
)
(c:/Users/A00315273/AppData/Roaming/TinyTeX/texmf-dist/tex/latex/setspace/setsp
ace.sty
Package: setspace 2011/12/19 v6.7a set line spacing
)
(c:/Users/A00315273/AppData/Roaming/TinyTeX/texmf-dist/tex/latex/fontspec/fonts
pec.sty
(c:/Users/A00315273/AppData/Roaming/TinyTeX/texmf-dist/tex/latex/l3packages/xpa
rse/xparse.sty
(c:/Users/A00315273/AppData/Roaming/TinyTeX/texmf-dist/tex/latex/l3kernel/expl3
.sty
Package: expl3 2021-10-12 L3 programming layer (loader) 

(c:/Users/A00315273/AppData/Roaming/TinyTeX/texmf-dist/tex/latex/l3backend/l3ba
ckend-xetex.def
File: l3backend-xetex.def 2021-10-12 L3 backend support: XeTeX
(|extractbb --version)
\c__kernel_sys_dvipdfmx_version_int=\count195
\l__color_backend_stack_int=\count196
\g__color_backend_stack_int=\count197
\g__graphics_track_int=\count198
\l__pdf_internal_box=\box53
\g__pdf_backend_object_int=\count199
\g__pdf_backend_annotation_int=\count266
\g__pdf_backend_link_int=\count267
))
Package: xparse 2021-08-27 L3 Experimental document command parser
)
Package: fontspec 2020/02/21 v2.7i Font selection for XeLaTeX and LuaLaTeX

(c:/Users/A00315273/AppData/Roaming/TinyTeX/texmf-dist/tex/latex/fontspec/fonts
pec-xetex.sty
Package: fontspec-xetex 2020/02/21 v2.7i Font selection for XeLaTeX and LuaLaTe
X
\l__fontspec_script_int=\count268
\l__fontspec_language_int=\count269
\l__fontspec_strnum_int=\count270
\l__fontspec_tmp_int=\count271
\l__fontspec_tmpa_int=\count272
\l__fontspec_tmpb_int=\count273
\l__fontspec_tmpc_int=\count274
\l__fontspec_em_int=\count275
\l__fontspec_emdef_int=\count276
\l__fontspec_strong_int=\count277
\l__fontspec_strongdef_int=\count278
\l__fontspec_tmpa_dim=\dimen152
\l__fontspec_tmpb_dim=\dimen153
\l__fontspec_tmpc_dim=\dimen154

(c:/Users/A00315273/AppData/Roaming/TinyTeX/texmf-dist/tex/latex/base/fontenc.s
ty
Package: fontenc 2021/04/29 v2.0v Standard LaTeX package
)
(c:/Users/A00315273/AppData/Roaming/TinyTeX/texmf-dist/tex/latex/fontspec/fonts
pec.cfg)))
(c:/Users/A00315273/AppData/Roaming/TinyTeX/texmf-dist/tex/latex/unicode-math/u
nicode-math.sty
Package: unicode-math 2020/01/31 v0.8q Unicode maths in XeLaTeX and LuaLaTeX

(c:/Users/A00315273/AppData/Roaming/TinyTeX/texmf-dist/tex/latex/unicode-math/u
nicode-math-xetex.sty
Package: unicode-math-xetex 2020/01/31 v0.8q Unicode maths in XeLaTeX and LuaLa
TeX

(c:/Users/A00315273/AppData/Roaming/TinyTeX/texmf-dist/tex/latex/l3packages/l3k
eys2e/l3keys2e.sty
Package: l3keys2e 2021-08-27 LaTeX2e option processing using LaTeX3 keys
)
(c:/Users/A00315273/AppData/Roaming/TinyTeX/texmf-dist/tex/latex/base/fix-cm.st
y
Package: fix-cm 2020/11/24 v1.1t fixes to LaTeX

(c:/Users/A00315273/AppData/Roaming/TinyTeX/texmf-dist/tex/latex/base/ts1enc.de
f
File: ts1enc.def 2001/06/05 v3.0e (jk/car/fm) Standard LaTeX file
LaTeX Font Info:    Redeclaring font encoding TS1 on input line 47.
))
(c:/Users/A00315273/AppData/Roaming/TinyTeX/texmf-dist/tex/latex/amsmath/amsmat
h.sty
Package: amsmath 2021/04/20 v2.17j AMS math features
\@mathmargin=\skip78
For additional information on amsmath, use the `?' option.

(c:/Users/A00315273/AppData/Roaming/TinyTeX/texmf-dist/tex/latex/amsmath/amstex
t.sty
Package: amstext 2000/06/29 v2.01 AMS text

(c:/Users/A00315273/AppData/Roaming/TinyTeX/texmf-dist/tex/latex/amsmath/amsgen
.sty
File: amsgen.sty 1999/11/30 v2.0 generic functions
\@emptytoks=\toks21
\ex@=\dimen155
))
(c:/Users/A00315273/AppData/Roaming/TinyTeX/texmf-dist/tex/latex/amsmath/amsbsy
.sty
Package: amsbsy 1999/11/29 v1.2d Bold Symbols
\pmbraise@=\dimen156
)
(c:/Users/A00315273/AppData/Roaming/TinyTeX/texmf-dist/tex/latex/amsmath/amsopn
.sty
Package: amsopn 2016/03/08 v2.02 operator names
)
\inf@bad=\count279
LaTeX Info: Redefining \frac on input line 234.
\uproot@=\count280
\leftroot@=\count281
LaTeX Info: Redefining \overline on input line 399.
\classnum@=\count282
\DOTSCASE@=\count283
LaTeX Info: Redefining \ldots on input line 496.
LaTeX Info: Redefining \dots on input line 499.
LaTeX Info: Redefining \cdots on input line 620.
\Mathstrutbox@=\box54
\strutbox@=\box55
\big@size=\dimen157
LaTeX Font Info:    Redeclaring font encoding OML on input line 743.
LaTeX Font Info:    Redeclaring font encoding OMS on input line 744.
\macc@depth=\count284
\c@MaxMatrixCols=\count285
\dotsspace@=\muskip16
\c@parentequation=\count286
\dspbrk@lvl=\count287
\tag@help=\toks22
\row@=\count288
\column@=\count289
\maxfields@=\count290
\andhelp@=\toks23
\eqnshift@=\dimen158
\alignsep@=\dimen159
\tagshift@=\dimen160
\tagwidth@=\dimen161
\totwidth@=\dimen162
\lineht@=\dimen163
\@envbody=\toks24
\multlinegap=\skip79
\multlinetaggap=\skip80
\mathdisplay@stack=\toks25
LaTeX Info: Redefining \[ on input line 2923.
LaTeX Info: Redefining \] on input line 2924.
)
\g__um_fam_int=\count291
\g__um_fonts_used_int=\count292
\l__um_primecount_int=\count293
\g__um_primekern_muskip=\muskip17

(c:/Users/A00315273/AppData/Roaming/TinyTeX/texmf-dist/tex/latex/unicode-math/u
nicode-math-table.tex)))
(c:/Users/A00315273/AppData/Roaming/TinyTeX/texmf-dist/tex/latex/fontawesome/fo
ntawesome.sty
Package: fontawesome 2016/05/15 v4.6.3.1 font awesome icons

(c:/Users/A00315273/AppData/Roaming/TinyTeX/texmf-dist/tex/generic/iftex/ifluat
ex.sty
Package: ifluatex 2019/10/25 v1.5 ifluatex legacy package. Use iftex instead.
)
(c:/Users/A00315273/AppData/Roaming/TinyTeX/texmf-dist/tex/latex/fontawesome/fo
ntawesomesymbols-generic.tex)
(c:/Users/A00315273/AppData/Roaming/TinyTeX/texmf-dist/tex/latex/fontawesome/fo
ntawesomesymbols-xeluatex.tex))
(c:/Users/A00315273/AppData/Roaming/TinyTeX/texmf-dist/tex/latex/academicons/ac
ademicons.sty
Package: academicons 2020/08/14 v1.9.0 Academicons Icons
)
(c:/Users/A00315273/AppData/Roaming/TinyTeX/texmf-dist/tex/latex/sourcesanspro/
sourcesanspro.sty
Package: sourcesanspro 2018/05/19 v2.7 Adobe's Source Sans Pro typeface

(c:/Users/A00315273/AppData/Roaming/TinyTeX/texmf-dist/tex/latex/xkeyval/xkeyva
l.sty
Package: xkeyval 2020/11/20 v2.8 package option processing (HA)

(c:/Users/A00315273/AppData/Roaming/TinyTeX/texmf-dist/tex/generic/xkeyval/xkey
val.tex
(c:/Users/A00315273/AppData/Roaming/TinyTeX/texmf-dist/tex/generic/xkeyval/xkvu
tils.tex
\XKV@toks=\toks26
\XKV@tempa@toks=\toks27
)
\XKV@depth=\count294
File: xkeyval.tex 2014/12/03 v2.7a key=value parser (HA)
))
LaTeX Font Info:    Overwriting math alphabet `\mathsf' in version `normal'
(Font)                  OT1/cmss/m/n --> TU/SourceSansPro(1)/m/n on input line 
123.
LaTeX Font Info:    Overwriting math alphabet `\mathsf' in version `bold'
(Font)                  OT1/cmss/bx/n --> TU/SourceSansPro(1)/bx/n on input lin
e 123.
)
(c:/Users/A00315273/AppData/Roaming/TinyTeX/texmf-dist/tex/latex/tcolorbox/tcol
orbox.sty
Package: tcolorbox 2021/06/14 version 4.51 text color boxes

(c:/Users/A00315273/AppData/Roaming/TinyTeX/texmf-dist/tex/latex/pgf/basiclayer
/pgf.sty
(c:/Users/A00315273/AppData/Roaming/TinyTeX/texmf-dist/tex/latex/pgf/utilities/
pgfrcs.sty
(c:/Users/A00315273/AppData/Roaming/TinyTeX/texmf-dist/tex/generic/pgf/utilitie
s/pgfutil-common.tex
\pgfutil@everybye=\toks28
\pgfutil@tempdima=\dimen164
\pgfutil@tempdimb=\dimen165

(c:/Users/A00315273/AppData/Roaming/TinyTeX/texmf-dist/tex/generic/pgf/utilitie
s/pgfutil-common-lists.tex))
(c:/Users/A00315273/AppData/Roaming/TinyTeX/texmf-dist/tex/generic/pgf/utilitie
s/pgfutil-latex.def
\pgfutil@abb=\box56
)
(c:/Users/A00315273/AppData/Roaming/TinyTeX/texmf-dist/tex/generic/pgf/utilitie
s/pgfrcs.code.tex
(c:/Users/A00315273/AppData/Roaming/TinyTeX/texmf-dist/tex/generic/pgf/pgf.revi
sion.tex)
Package: pgfrcs 2021/05/15 v3.1.9a (3.1.9a)
))
Package: pgf 2021/05/15 v3.1.9a (3.1.9a)

(c:/Users/A00315273/AppData/Roaming/TinyTeX/texmf-dist/tex/latex/pgf/basiclayer
/pgfcore.sty
(c:/Users/A00315273/AppData/Roaming/TinyTeX/texmf-dist/tex/latex/graphics/graph
icx.sty
Package: graphicx 2020/12/05 v1.2c Enhanced LaTeX Graphics (DPC,SPQR)

(c:/Users/A00315273/AppData/Roaming/TinyTeX/texmf-dist/tex/latex/graphics/graph
ics.sty
Package: graphics 2021/03/04 v1.4d Standard LaTeX Graphics (DPC,SPQR)

(c:/Users/A00315273/AppData/Roaming/TinyTeX/texmf-dist/tex/latex/graphics/trig.
sty
Package: trig 2016/01/03 v1.10 sin cos tan (DPC)
)
(c:/Users/A00315273/AppData/Roaming/TinyTeX/texmf-dist/tex/latex/graphics-cfg/g
raphics.cfg
File: graphics.cfg 2016/06/04 v1.11 sample graphics configuration
)
Package graphics Info: Driver file: xetex.def on input line 107.
)
\Gin@req@height=\dimen166
\Gin@req@width=\dimen167
)
(c:/Users/A00315273/AppData/Roaming/TinyTeX/texmf-dist/tex/latex/pgf/systemlaye
r/pgfsys.sty
(c:/Users/A00315273/AppData/Roaming/TinyTeX/texmf-dist/tex/generic/pgf/systemla
yer/pgfsys.code.tex
Package: pgfsys 2021/05/15 v3.1.9a (3.1.9a)

(c:/Users/A00315273/AppData/Roaming/TinyTeX/texmf-dist/tex/generic/pgf/utilitie
s/pgfkeys.code.tex
\pgfkeys@pathtoks=\toks29
\pgfkeys@temptoks=\toks30

(c:/Users/A00315273/AppData/Roaming/TinyTeX/texmf-dist/tex/generic/pgf/utilitie
s/pgfkeysfiltered.code.tex
\pgfkeys@tmptoks=\toks31
))
\pgf@x=\dimen168
\pgf@y=\dimen169
\pgf@xa=\dimen170
\pgf@ya=\dimen171
\pgf@xb=\dimen172
\pgf@yb=\dimen173
\pgf@xc=\dimen174
\pgf@yc=\dimen175
\pgf@xd=\dimen176
\pgf@yd=\dimen177
\w@pgf@writea=\write3
\r@pgf@reada=\read2
\c@pgf@counta=\count295
\c@pgf@countb=\count296
\c@pgf@countc=\count297
\c@pgf@countd=\count298
\t@pgf@toka=\toks32
\t@pgf@tokb=\toks33
\t@pgf@tokc=\toks34
\pgf@sys@id@count=\count299

(c:/Users/A00315273/AppData/Roaming/TinyTeX/texmf-dist/tex/generic/pgf/systemla
yer/pgf.cfg
File: pgf.cfg 2021/05/15 v3.1.9a (3.1.9a)
)
Driver file for pgf: pgfsys-xetex.def

(c:/Users/A00315273/AppData/Roaming/TinyTeX/texmf-dist/tex/generic/pgf/systemla
yer/pgfsys-xetex.def
File: pgfsys-xetex.def 2021/05/15 v3.1.9a (3.1.9a)

(c:/Users/A00315273/AppData/Roaming/TinyTeX/texmf-dist/tex/generic/pgf/systemla
yer/pgfsys-dvipdfmx.def
File: pgfsys-dvipdfmx.def 2021/05/15 v3.1.9a (3.1.9a)

(c:/Users/A00315273/AppData/Roaming/TinyTeX/texmf-dist/tex/generic/pgf/systemla
yer/pgfsys-common-pdf.def
File: pgfsys-common-pdf.def 2021/05/15 v3.1.9a (3.1.9a)
)
\pgfsys@objnum=\count300
)))
(c:/Users/A00315273/AppData/Roaming/TinyTeX/texmf-dist/tex/generic/pgf/systemla
yer/pgfsyssoftpath.code.tex
File: pgfsyssoftpath.code.tex 2021/05/15 v3.1.9a (3.1.9a)
\pgfsyssoftpath@smallbuffer@items=\count301
\pgfsyssoftpath@bigbuffer@items=\count302
)
(c:/Users/A00315273/AppData/Roaming/TinyTeX/texmf-dist/tex/generic/pgf/systemla
yer/pgfsysprotocol.code.tex
File: pgfsysprotocol.code.tex 2021/05/15 v3.1.9a (3.1.9a)
))
(c:/Users/A00315273/AppData/Roaming/TinyTeX/texmf-dist/tex/generic/pgf/basiclay
er/pgfcore.code.tex
Package: pgfcore 2021/05/15 v3.1.9a (3.1.9a)

(c:/Users/A00315273/AppData/Roaming/TinyTeX/texmf-dist/tex/generic/pgf/math/pgf
math.code.tex
(c:/Users/A00315273/AppData/Roaming/TinyTeX/texmf-dist/tex/generic/pgf/math/pgf
mathcalc.code.tex
(c:/Users/A00315273/AppData/Roaming/TinyTeX/texmf-dist/tex/generic/pgf/math/pgf
mathutil.code.tex)
(c:/Users/A00315273/AppData/Roaming/TinyTeX/texmf-dist/tex/generic/pgf/math/pgf
mathparser.code.tex
\pgfmath@dimen=\dimen178
\pgfmath@count=\count303
\pgfmath@box=\box57
\pgfmath@toks=\toks35
\pgfmath@stack@operand=\toks36
\pgfmath@stack@operation=\toks37
)
(c:/Users/A00315273/AppData/Roaming/TinyTeX/texmf-dist/tex/generic/pgf/math/pgf
mathfunctions.code.tex
(c:/Users/A00315273/AppData/Roaming/TinyTeX/texmf-dist/tex/generic/pgf/math/pgf
mathfunctions.basic.code.tex)
(c:/Users/A00315273/AppData/Roaming/TinyTeX/texmf-dist/tex/generic/pgf/math/pgf
mathfunctions.trigonometric.code.tex)
(c:/Users/A00315273/AppData/Roaming/TinyTeX/texmf-dist/tex/generic/pgf/math/pgf
mathfunctions.random.code.tex)
(c:/Users/A00315273/AppData/Roaming/TinyTeX/texmf-dist/tex/generic/pgf/math/pgf
mathfunctions.comparison.code.tex)
(c:/Users/A00315273/AppData/Roaming/TinyTeX/texmf-dist/tex/generic/pgf/math/pgf
mathfunctions.base.code.tex)
(c:/Users/A00315273/AppData/Roaming/TinyTeX/texmf-dist/tex/generic/pgf/math/pgf
mathfunctions.round.code.tex)
(c:/Users/A00315273/AppData/Roaming/TinyTeX/texmf-dist/tex/generic/pgf/math/pgf
mathfunctions.misc.code.tex)
(c:/Users/A00315273/AppData/Roaming/TinyTeX/texmf-dist/tex/generic/pgf/math/pgf
mathfunctions.integerarithmetics.code.tex)))
(c:/Users/A00315273/AppData/Roaming/TinyTeX/texmf-dist/tex/generic/pgf/math/pgf
mathfloat.code.tex
\c@pgfmathroundto@lastzeros=\count304
))
(c:/Users/A00315273/AppData/Roaming/TinyTeX/texmf-dist/tex/generic/pgf/math/pgf
int.code.tex)
(c:/Users/A00315273/AppData/Roaming/TinyTeX/texmf-dist/tex/generic/pgf/basiclay
er/pgfcorepoints.code.tex
File: pgfcorepoints.code.tex 2021/05/15 v3.1.9a (3.1.9a)
\pgf@picminx=\dimen179
\pgf@picmaxx=\dimen180
\pgf@picminy=\dimen181
\pgf@picmaxy=\dimen182
\pgf@pathminx=\dimen183
\pgf@pathmaxx=\dimen184
\pgf@pathminy=\dimen185
\pgf@pathmaxy=\dimen186
\pgf@xx=\dimen187
\pgf@xy=\dimen188
\pgf@yx=\dimen189
\pgf@yy=\dimen190
\pgf@zx=\dimen191
\pgf@zy=\dimen192
)
(c:/Users/A00315273/AppData/Roaming/TinyTeX/texmf-dist/tex/generic/pgf/basiclay
er/pgfcorepathconstruct.code.tex
File: pgfcorepathconstruct.code.tex 2021/05/15 v3.1.9a (3.1.9a)
\pgf@path@lastx=\dimen193
\pgf@path@lasty=\dimen194
)
(c:/Users/A00315273/AppData/Roaming/TinyTeX/texmf-dist/tex/generic/pgf/basiclay
er/pgfcorepathusage.code.tex
File: pgfcorepathusage.code.tex 2021/05/15 v3.1.9a (3.1.9a)
\pgf@shorten@end@additional=\dimen195
\pgf@shorten@start@additional=\dimen196
)
(c:/Users/A00315273/AppData/Roaming/TinyTeX/texmf-dist/tex/generic/pgf/basiclay
er/pgfcorescopes.code.tex
File: pgfcorescopes.code.tex 2021/05/15 v3.1.9a (3.1.9a)
\pgfpic=\box58
\pgf@hbox=\box59
\pgf@layerbox@main=\box60
\pgf@picture@serial@count=\count305
)
(c:/Users/A00315273/AppData/Roaming/TinyTeX/texmf-dist/tex/generic/pgf/basiclay
er/pgfcoregraphicstate.code.tex
File: pgfcoregraphicstate.code.tex 2021/05/15 v3.1.9a (3.1.9a)
\pgflinewidth=\dimen197
)
(c:/Users/A00315273/AppData/Roaming/TinyTeX/texmf-dist/tex/generic/pgf/basiclay
er/pgfcoretransformations.code.tex
File: pgfcoretransformations.code.tex 2021/05/15 v3.1.9a (3.1.9a)
\pgf@pt@x=\dimen198
\pgf@pt@y=\dimen199
\pgf@pt@temp=\dimen256
)
(c:/Users/A00315273/AppData/Roaming/TinyTeX/texmf-dist/tex/generic/pgf/basiclay
er/pgfcorequick.code.tex
File: pgfcorequick.code.tex 2021/05/15 v3.1.9a (3.1.9a)
)
(c:/Users/A00315273/AppData/Roaming/TinyTeX/texmf-dist/tex/generic/pgf/basiclay
er/pgfcoreobjects.code.tex
File: pgfcoreobjects.code.tex 2021/05/15 v3.1.9a (3.1.9a)
)
(c:/Users/A00315273/AppData/Roaming/TinyTeX/texmf-dist/tex/generic/pgf/basiclay
er/pgfcorepathprocessing.code.tex
File: pgfcorepathprocessing.code.tex 2021/05/15 v3.1.9a (3.1.9a)
)
(c:/Users/A00315273/AppData/Roaming/TinyTeX/texmf-dist/tex/generic/pgf/basiclay
er/pgfcorearrows.code.tex
File: pgfcorearrows.code.tex 2021/05/15 v3.1.9a (3.1.9a)
\pgfarrowsep=\dimen257
)
(c:/Users/A00315273/AppData/Roaming/TinyTeX/texmf-dist/tex/generic/pgf/basiclay
er/pgfcoreshade.code.tex
File: pgfcoreshade.code.tex 2021/05/15 v3.1.9a (3.1.9a)
\pgf@max=\dimen258
\pgf@sys@shading@range@num=\count306
\pgf@shadingcount=\count307
)
(c:/Users/A00315273/AppData/Roaming/TinyTeX/texmf-dist/tex/generic/pgf/basiclay
er/pgfcoreimage.code.tex
File: pgfcoreimage.code.tex 2021/05/15 v3.1.9a (3.1.9a)

(c:/Users/A00315273/AppData/Roaming/TinyTeX/texmf-dist/tex/generic/pgf/basiclay
er/pgfcoreexternal.code.tex
File: pgfcoreexternal.code.tex 2021/05/15 v3.1.9a (3.1.9a)
\pgfexternal@startupbox=\box61
))
(c:/Users/A00315273/AppData/Roaming/TinyTeX/texmf-dist/tex/generic/pgf/basiclay
er/pgfcorelayers.code.tex
File: pgfcorelayers.code.tex 2021/05/15 v3.1.9a (3.1.9a)
)
(c:/Users/A00315273/AppData/Roaming/TinyTeX/texmf-dist/tex/generic/pgf/basiclay
er/pgfcoretransparency.code.tex
File: pgfcoretransparency.code.tex 2021/05/15 v3.1.9a (3.1.9a)
)
(c:/Users/A00315273/AppData/Roaming/TinyTeX/texmf-dist/tex/generic/pgf/basiclay
er/pgfcorepatterns.code.tex
File: pgfcorepatterns.code.tex 2021/05/15 v3.1.9a (3.1.9a)
)
(c:/Users/A00315273/AppData/Roaming/TinyTeX/texmf-dist/tex/generic/pgf/basiclay
er/pgfcorerdf.code.tex
File: pgfcorerdf.code.tex 2021/05/15 v3.1.9a (3.1.9a)
)))
(c:/Users/A00315273/AppData/Roaming/TinyTeX/texmf-dist/tex/generic/pgf/modules/
pgfmoduleshapes.code.tex
File: pgfmoduleshapes.code.tex 2021/05/15 v3.1.9a (3.1.9a)
\pgfnodeparttextbox=\box62
)
(c:/Users/A00315273/AppData/Roaming/TinyTeX/texmf-dist/tex/generic/pgf/modules/
pgfmoduleplot.code.tex
File: pgfmoduleplot.code.tex 2021/05/15 v3.1.9a (3.1.9a)
)
(c:/Users/A00315273/AppData/Roaming/TinyTeX/texmf-dist/tex/latex/pgf/compatibil
ity/pgfcomp-version-0-65.sty
Package: pgfcomp-version-0-65 2021/05/15 v3.1.9a (3.1.9a)
\pgf@nodesepstart=\dimen259
\pgf@nodesepend=\dimen260
)
(c:/Users/A00315273/AppData/Roaming/TinyTeX/texmf-dist/tex/latex/pgf/compatibil
ity/pgfcomp-version-1-18.sty
Package: pgfcomp-version-1-18 2021/05/15 v3.1.9a (3.1.9a)
))
(c:/Users/A00315273/AppData/Roaming/TinyTeX/texmf-dist/tex/latex/tools/verbatim
.sty
Package: verbatim 2020-07-07 v1.5u LaTeX2e package for verbatim enhancements
\every@verbatim=\toks38
\verbatim@line=\toks39
\verbatim@in@stream=\read3
)
(c:/Users/A00315273/AppData/Roaming/TinyTeX/texmf-dist/tex/latex/environ/enviro
n.sty
Package: environ 2014/05/04 v0.3 A new way to define environments

(c:/Users/A00315273/AppData/Roaming/TinyTeX/texmf-dist/tex/latex/trimspaces/tri
mspaces.sty
Package: trimspaces 2009/09/17 v1.1 Trim spaces around a token list
))
\tcb@titlebox=\box63
\tcb@upperbox=\box64
\tcb@lowerbox=\box65
\tcb@phantombox=\box66
\c@tcbbreakpart=\count308
\c@tcblayer=\count309
\c@tcolorbox@number=\count310
\tcb@temp=\box67
\tcb@temp=\box68
\tcb@temp=\box69
\tcb@temp=\box70

(c:/Users/A00315273/AppData/Roaming/TinyTeX/texmf-dist/tex/latex/tcolorbox/tcbs
kins.code.tex
Library (tcolorbox): 'tcbskins.code.tex' version '4.51'

(c:/Users/A00315273/AppData/Roaming/TinyTeX/texmf-dist/tex/latex/pgf/frontendla
yer/tikz.sty
(c:/Users/A00315273/AppData/Roaming/TinyTeX/texmf-dist/tex/latex/pgf/utilities/
pgffor.sty
(c:/Users/A00315273/AppData/Roaming/TinyTeX/texmf-dist/tex/latex/pgf/utilities/
pgfkeys.sty
(c:/Users/A00315273/AppData/Roaming/TinyTeX/texmf-dist/tex/generic/pgf/utilitie
s/pgfkeys.code.tex))
(c:/Users/A00315273/AppData/Roaming/TinyTeX/texmf-dist/tex/latex/pgf/math/pgfma
th.sty
(c:/Users/A00315273/AppData/Roaming/TinyTeX/texmf-dist/tex/generic/pgf/math/pgf
math.code.tex))
(c:/Users/A00315273/AppData/Roaming/TinyTeX/texmf-dist/tex/generic/pgf/utilitie
s/pgffor.code.tex
Package: pgffor 2021/05/15 v3.1.9a (3.1.9a)

(c:/Users/A00315273/AppData/Roaming/TinyTeX/texmf-dist/tex/generic/pgf/math/pgf
math.code.tex)
\pgffor@iter=\dimen261
\pgffor@skip=\dimen262
\pgffor@stack=\toks40
\pgffor@toks=\toks41
))
(c:/Users/A00315273/AppData/Roaming/TinyTeX/texmf-dist/tex/generic/pgf/frontend
layer/tikz/tikz.code.tex
Package: tikz 2021/05/15 v3.1.9a (3.1.9a)

(c:/Users/A00315273/AppData/Roaming/TinyTeX/texmf-dist/tex/generic/pgf/librarie
s/pgflibraryplothandlers.code.tex
File: pgflibraryplothandlers.code.tex 2021/05/15 v3.1.9a (3.1.9a)
\pgf@plot@mark@count=\count311
\pgfplotmarksize=\dimen263
)
\tikz@lastx=\dimen264
\tikz@lasty=\dimen265
\tikz@lastxsaved=\dimen266
\tikz@lastysaved=\dimen267
\tikz@lastmovetox=\dimen268
\tikz@lastmovetoy=\dimen269
\tikzleveldistance=\dimen270
\tikzsiblingdistance=\dimen271
\tikz@figbox=\box71
\tikz@figbox@bg=\box72
\tikz@tempbox=\box73
\tikz@tempbox@bg=\box74
\tikztreelevel=\count312
\tikznumberofchildren=\count313
\tikznumberofcurrentchild=\count314
\tikz@fig@count=\count315

(c:/Users/A00315273/AppData/Roaming/TinyTeX/texmf-dist/tex/generic/pgf/modules/
pgfmodulematrix.code.tex
File: pgfmodulematrix.code.tex 2021/05/15 v3.1.9a (3.1.9a)
\pgfmatrixcurrentrow=\count316
\pgfmatrixcurrentcolumn=\count317
\pgf@matrix@numberofcolumns=\count318
)
\tikz@expandcount=\count319

(c:/Users/A00315273/AppData/Roaming/TinyTeX/texmf-dist/tex/generic/pgf/frontend
layer/tikz/libraries/tikzlibrarytopaths.code.tex
File: tikzlibrarytopaths.code.tex 2021/05/15 v3.1.9a (3.1.9a)
)))
\tcb@waterbox=\box75

(c:/Users/A00315273/AppData/Roaming/TinyTeX/texmf-dist/tex/latex/tcolorbox/tcbs
kinsjigsaw.code.tex
Library (tcolorbox): 'tcbskinsjigsaw.code.tex' version '4.51'
)))
(c:/Users/A00315273/AppData/Roaming/TinyTeX/texmf-dist/tex/latex/parskip/parski
p.sty
Package: parskip 2021-03-14 v2.0h non-zero parskip adjustments

(c:/Users/A00315273/AppData/Roaming/TinyTeX/texmf-dist/tex/latex/kvoptions/kvop
tions.sty
Package: kvoptions 2020-10-07 v3.14 Key value format for package options (HO)

(c:/Users/A00315273/AppData/Roaming/TinyTeX/texmf-dist/tex/generic/ltxcmds/ltxc
mds.sty
Package: ltxcmds 2020-05-10 v1.25 LaTeX kernel commands for general use (HO)
)
(c:/Users/A00315273/AppData/Roaming/TinyTeX/texmf-dist/tex/generic/kvsetkeys/kv
setkeys.sty
Package: kvsetkeys 2019/12/15 v1.18 Key value parser (HO)
)))
(c:/Users/A00315273/AppData/Roaming/TinyTeX/texmf-dist/tex/latex/hyperref/hyper
ref.sty
Package: hyperref 2021-06-07 v7.00m Hypertext links for LaTeX

(c:/Users/A00315273/AppData/Roaming/TinyTeX/texmf-dist/tex/generic/pdftexcmds/p
dftexcmds.sty
Package: pdftexcmds 2020-06-27 v0.33 Utility functions of pdfTeX for LuaTeX (HO
)

(c:/Users/A00315273/AppData/Roaming/TinyTeX/texmf-dist/tex/generic/infwarerr/in
fwarerr.sty
Package: infwarerr 2019/12/03 v1.5 Providing info/warning/error messages (HO)
)
Package pdftexcmds Info: \pdf@primitive is available.
Package pdftexcmds Info: \pdf@ifprimitive is available.
Package pdftexcmds Info: \pdfdraftmode not found.
)
(c:/Users/A00315273/AppData/Roaming/TinyTeX/texmf-dist/tex/generic/kvdefinekeys
/kvdefinekeys.sty
Package: kvdefinekeys 2019-12-19 v1.6 Define keys (HO)
)
(c:/Users/A00315273/AppData/Roaming/TinyTeX/texmf-dist/tex/generic/pdfescape/pd
fescape.sty
Package: pdfescape 2019/12/09 v1.15 Implements pdfTeX's escape features (HO)
)
(c:/Users/A00315273/AppData/Roaming/TinyTeX/texmf-dist/tex/latex/hycolor/hycolo
r.sty
Package: hycolor 2020-01-27 v1.10 Color options for hyperref/bookmark (HO)
)
(c:/Users/A00315273/AppData/Roaming/TinyTeX/texmf-dist/tex/latex/letltxmacro/le
tltxmacro.sty
Package: letltxmacro 2019/12/03 v1.6 Let assignment for LaTeX macros (HO)
)
(c:/Users/A00315273/AppData/Roaming/TinyTeX/texmf-dist/tex/latex/auxhook/auxhoo
k.sty
Package: auxhook 2019-12-17 v1.6 Hooks for auxiliary files (HO)
)
\@linkdim=\dimen272
\Hy@linkcounter=\count320
\Hy@pagecounter=\count321

(c:/Users/A00315273/AppData/Roaming/TinyTeX/texmf-dist/tex/latex/hyperref/pd1en
c.def
File: pd1enc.def 2021-06-07 v7.00m Hyperref: PDFDocEncoding definition (HO)
)
(c:/Users/A00315273/AppData/Roaming/TinyTeX/texmf-dist/tex/latex/hyperref/hyper
ref-langpatches.def
File: hyperref-langpatches.def 2021-06-07 v7.00m Hyperref: patches for babel la
nguages
)
(c:/Users/A00315273/AppData/Roaming/TinyTeX/texmf-dist/tex/generic/intcalc/intc
alc.sty
Package: intcalc 2019/12/15 v1.3 Expandable calculations with integers (HO)
)
(c:/Users/A00315273/AppData/Roaming/TinyTeX/texmf-dist/tex/generic/etexcmds/ete
xcmds.sty
Package: etexcmds 2019/12/15 v1.7 Avoid name clashes with e-TeX commands (HO)
)
\Hy@SavedSpaceFactor=\count322

(c:/Users/A00315273/AppData/Roaming/TinyTeX/texmf-dist/tex/latex/hyperref/puenc
.def
File: puenc.def 2021-06-07 v7.00m Hyperref: PDF Unicode definition (HO)
)
Package hyperref Info: Option `unicode' set `true' on input line 4073.
Package hyperref Info: Hyper figures OFF on input line 4192.
Package hyperref Info: Link nesting OFF on input line 4197.
Package hyperref Info: Hyper index ON on input line 4200.
Package hyperref Info: Plain pages OFF on input line 4207.
Package hyperref Info: Backreferencing OFF on input line 4212.
Package hyperref Info: Implicit mode ON; LaTeX internals redefined.
Package hyperref Info: Bookmarks ON on input line 4445.
\c@Hy@tempcnt=\count323
(c:/Users/A00315273/AppData/Roaming/TinyTeX/texmf-dist/tex/latex/url/url.sty
\Urlmuskip=\muskip18
Package: url 2013/09/16  ver 3.4  Verb mode for urls, etc.
)
LaTeX Info: Redefining \url on input line 4804.
\XeTeXLinkMargin=\dimen273

(c:/Users/A00315273/AppData/Roaming/TinyTeX/texmf-dist/tex/generic/bitset/bitse
t.sty
Package: bitset 2019/12/09 v1.3 Handle bit-vector datatype (HO)

(c:/Users/A00315273/AppData/Roaming/TinyTeX/texmf-dist/tex/generic/bigintcalc/b
igintcalc.sty
Package: bigintcalc 2019/12/15 v1.5 Expandable calculations on big integers (HO
)
))
\Fld@menulength=\count324
\Field@Width=\dimen274
\Fld@charsize=\dimen275
Package hyperref Info: Hyper figures OFF on input line 6076.
Package hyperref Info: Link nesting OFF on input line 6081.
Package hyperref Info: Hyper index ON on input line 6084.
Package hyperref Info: backreferencing OFF on input line 6091.
Package hyperref Info: Link coloring OFF on input line 6096.
Package hyperref Info: Link coloring with OCG OFF on input line 6101.
Package hyperref Info: PDF/A mode OFF on input line 6106.
LaTeX Info: Redefining \ref on input line 6146.
LaTeX Info: Redefining \pageref on input line 6150.

(c:/Users/A00315273/AppData/Roaming/TinyTeX/texmf-dist/tex/latex/base/atbegshi-
ltx.sty
Package: atbegshi-ltx 2021/01/10 v1.0c Emulation of the original atbegshi
package with kernel methods
)
\Hy@abspage=\count325
\c@Item=\count326
\c@Hfootnote=\count327
)
Package hyperref Info: Driver (autodetected): hxetex.

(c:/Users/A00315273/AppData/Roaming/TinyTeX/texmf-dist/tex/latex/hyperref/hxete
x.def
File: hxetex.def 2021-06-07 v7.00m Hyperref driver for XeTeX

(c:/Users/A00315273/AppData/Roaming/TinyTeX/texmf-dist/tex/generic/stringenc/st
ringenc.sty
Package: stringenc 2019/11/29 v1.12 Convert strings between diff. encodings (HO
)
)
\pdfm@box=\box76
\c@Hy@AnnotLevel=\count328
\HyField@AnnotCount=\count329
\Fld@listcount=\count330
\c@bookmark@seq@number=\count331

(c:/Users/A00315273/AppData/Roaming/TinyTeX/texmf-dist/tex/latex/rerunfilecheck
/rerunfilecheck.sty
Package: rerunfilecheck 2019/12/05 v1.9 Rerun checks for auxiliary files (HO)

(c:/Users/A00315273/AppData/Roaming/TinyTeX/texmf-dist/tex/latex/base/atveryend
-ltx.sty
Package: atveryend-ltx 2020/08/19 v1.0a Emulation of the original atvery packag
e
with kernel methods
)
(c:/Users/A00315273/AppData/Roaming/TinyTeX/texmf-dist/tex/generic/uniquecounte
r/uniquecounter.sty
Package: uniquecounter 2019/12/15 v1.4 Provide unlimited unique counter (HO)
)
Package uniquecounter Info: New unique counter `rerunfilecheck' on input line 2
86.
)
\Hy@SectionHShift=\skip81
))
(c:/Users/A00315273/AppData/Roaming/TinyTeX/texmf-dist/tex/latex/booktabs/bookt
abs.sty
Package: booktabs 2020/01/12 v1.61803398 Publication quality tables
\heavyrulewidth=\dimen276
\lightrulewidth=\dimen277
\cmidrulewidth=\dimen278
\belowrulesep=\dimen279
\belowbottomsep=\dimen280
\aboverulesep=\dimen281
\abovetopsep=\dimen282
\cmidrulesep=\dimen283
\cmidrulekern=\dimen284
\defaultaddspace=\dimen285
\@cmidla=\count332
\@cmidlb=\count333
\@aboverulesep=\dimen286
\@belowrulesep=\dimen287
\@thisruleclass=\count334
\@lastruleclass=\count335
\@thisrulewidth=\dimen288
)
\cslhangindent=\skip82
\csllabelwidth=\skip83
LaTeX Font Info:    Font shape `TU/SourceSansPro(0)/m/n' will be
(Font)              scaled to size 10.95pt on input line 113.
(./index.aux)
\openout1 = `index.aux'.

LaTeX Font Info:    Checking defaults for OML/cmm/m/it on input line 113.
LaTeX Font Info:    ... okay on input line 113.
LaTeX Font Info:    Checking defaults for OMS/cmsy/m/n on input line 113.
LaTeX Font Info:    ... okay on input line 113.
LaTeX Font Info:    Checking defaults for OT1/cmr/m/n on input line 113.
LaTeX Font Info:    ... okay on input line 113.
LaTeX Font Info:    Checking defaults for T1/cmr/m/n on input line 113.
LaTeX Font Info:    ... okay on input line 113.
LaTeX Font Info:    Checking defaults for TS1/cmr/m/n on input line 113.
LaTeX Font Info:    ... okay on input line 113.
LaTeX Font Info:    Checking defaults for TU/lmr/m/n on input line 113.
LaTeX Font Info:    ... okay on input line 113.
LaTeX Font Info:    Checking defaults for OMX/cmex/m/n on input line 113.
LaTeX Font Info:    ... okay on input line 113.
LaTeX Font Info:    Checking defaults for U/cmr/m/n on input line 113.
LaTeX Font Info:    ... okay on input line 113.
LaTeX Font Info:    Checking defaults for PD1/pdf/m/n on input line 113.
LaTeX Font Info:    ... okay on input line 113.
LaTeX Font Info:    Checking defaults for PU/pdf/m/n on input line 113.
LaTeX Font Info:    ... okay on input line 113.
*geometry* driver: auto-detecting
*geometry* detected driver: xetex
*geometry* verbose mode - [ preamble ] result:
* driver: xetex
* paper: a4paper
* layout: <same size as paper>
* layoutoffset:(h,v)=(0.0pt,0.0pt)
* modes: 
* h-part:(L,W,R)=(39.83368pt, 517.84052pt, 39.83368pt)
* v-part:(T,H,B)=(22.76228pt, 771.06952pt, 51.21504pt)
* \paperwidth=597.50787pt
* \paperheight=845.04684pt
* \textwidth=517.84052pt
* \textheight=771.06952pt
* \oddsidemargin=-32.43631pt
* \evensidemargin=-32.43631pt
* \topmargin=-86.5077pt
* \headheight=12.0pt
* \headsep=25.0pt
* \topskip=11.0pt
* \footskip=14.22636pt
* \marginparwidth=50.0pt
* \marginparsep=10.0pt
* \columnsep=10.0pt
* \skip\footins=10.0pt plus 4.0pt minus 2.0pt
* \hoffset=0.0pt
* \voffset=0.0pt
* \mag=1000
* \@twocolumnfalse
* \@twosidefalse
* \@mparswitchfalse
* \@reversemarginfalse
* (1in=72.27pt=25.4mm, 1cm=28.453pt)

LaTeX Font Info:    Overwriting math alphabet `\mathrm' in version `normal'
(Font)                  OT1/cmr/m/n --> TU/lmr/m/n on input line 113.
LaTeX Font Info:    Overwriting math alphabet `\mathit' in version `normal'
(Font)                  OT1/cmr/m/it --> TU/lmr/m/it on input line 113.
LaTeX Font Info:    Overwriting math alphabet `\mathbf' in version `normal'
(Font)                  OT1/cmr/bx/n --> TU/lmr/bx/n on input line 113.
LaTeX Font Info:    Overwriting math alphabet `\mathtt' in version `normal'
(Font)                  OT1/cmtt/m/n --> TU/lmtt/m/n on input line 113.
LaTeX Font Info:    Overwriting math alphabet `\mathtt' in version `bold'
(Font)                  OT1/cmtt/m/n --> TU/lmtt/bx/n on input line 113.
LaTeX Font Info:    Encoding `OT1' has changed to `TU' for symbol font
(Font)              `operators' in the math version `normal' on input line 113.

LaTeX Font Info:    Overwriting symbol font `operators' in version `normal'
(Font)                  OT1/cmr/m/n --> TU/latinmodern-math.otf(1)/m/n on input
 line 113.
LaTeX Font Info:    Encoding `OT1' has changed to `TU' for symbol font
(Font)              `operators' in the math version `bold' on input line 113.
LaTeX Font Info:    Overwriting symbol font `operators' in version `bold'
(Font)                  OT1/cmr/bx/n --> TU/latinmodern-math.otf(1)/b/n on inpu
t line 113.
LaTeX Font Info:    Encoding `OMS' has changed to `TU' for symbol font
(Font)              `symbols' in the math version `normal' on input line 113.
LaTeX Font Info:    Overwriting symbol font `symbols' in version `normal'
(Font)                  OMS/cmsy/m/n --> TU/latinmodern-math.otf(2)/m/n on inpu
t line 113.
LaTeX Font Info:    Encoding `OMS' has changed to `TU' for symbol font
(Font)              `symbols' in the math version `bold' on input line 113.
LaTeX Font Info:    Overwriting symbol font `symbols' in version `bold'
(Font)                  OMS/cmsy/b/n --> TU/latinmodern-math.otf(2)/b/n on inpu
t line 113.
LaTeX Font Info:    Encoding `OMX' has changed to `TU' for symbol font
(Font)              `largesymbols' in the math version `normal' on input line 1
13.
LaTeX Font Info:    Overwriting symbol font `largesymbols' in version `normal'
(Font)                  OMX/cmex/m/n --> TU/latinmodern-math.otf(3)/m/n on inpu
t line 113.
LaTeX Font Info:    Encoding `OMX' has changed to `TU' for symbol font
(Font)              `largesymbols' in the math version `bold' on input line 113
.
LaTeX Font Info:    Overwriting symbol font `largesymbols' in version `bold'
(Font)                  OMX/cmex/m/n --> TU/latinmodern-math.otf(3)/b/n on inpu
t line 113.
Package hyperref Info: Link coloring OFF on input line 113.

(c:/Users/A00315273/AppData/Roaming/TinyTeX/texmf-dist/tex/latex/hyperref/namer
ef.sty
Package: nameref 2021-04-02 v2.47 Cross-referencing by name of section

(c:/Users/A00315273/AppData/Roaming/TinyTeX/texmf-dist/tex/latex/refcount/refco
unt.sty
Package: refcount 2019/12/15 v3.6 Data extraction from label references (HO)
)
(c:/Users/A00315273/AppData/Roaming/TinyTeX/texmf-dist/tex/generic/gettitlestri
ng/gettitlestring.sty
Package: gettitlestring 2019/12/15 v1.6 Cleanup title references (HO)
)
\c@section@level=\count336
)
LaTeX Info: Redefining \ref on input line 113.
LaTeX Info: Redefining \pageref on input line 113.
LaTeX Info: Redefining \nameref on input line 113.
(./index.out) (./index.out)
\@outlinefile=\write4
\openout4 = `index.out'.

\headertextwidth=\skip84
\headerphotowidth=\skip85
LaTeX Font Info:    Font shape `TU/latinmodern-math.otf(2)/m/n' will be
(Font)              scaled to size 10.95116pt on input line 118.
LaTeX Font Info:    Font shape `TU/latinmodern-math.otf(2)/m/n' will be
(Font)              scaled to size 7.6658pt on input line 118.
LaTeX Font Info:    Font shape `TU/latinmodern-math.otf(2)/m/n' will be
(Font)              scaled to size 5.47559pt on input line 118.
LaTeX Font Info:    Font shape `TU/latinmodern-math.otf(3)/m/n' will be
(Font)              scaled to size 10.94882pt on input line 118.
LaTeX Font Info:    Font shape `TU/latinmodern-math.otf(3)/m/n' will be
(Font)              scaled to size 7.66417pt on input line 118.
LaTeX Font Info:    Font shape `TU/latinmodern-math.otf(3)/m/n' will be
(Font)              scaled to size 5.47441pt on input line 118.
LaTeX Font Info:    Font shape `TU/SourceSansPro(1)/m/n' will be
(Font)              scaled to size 7.6pt on input line 118.
LaTeX Font Info:    Font shape `TU/SourceSansPro(1)/m/sc' will be
(Font)              scaled to size 7.6pt on input line 118.
LaTeX Font Info:    Calculating math sizes for size <6.8> on input line 118.
LaTeX Font Info:    Font shape `TU/latinmodern-math.otf(2)/m/n' will be
(Font)              scaled to size 6.80072pt on input line 118.
LaTeX Font Info:    Font shape `TU/latinmodern-math.otf(2)/m/n' will be
(Font)              scaled to size 4.76048pt on input line 118.
LaTeX Font Info:    Font shape `TU/latinmodern-math.otf(2)/m/n' will be
(Font)              scaled to size 3.40034pt on input line 118.
LaTeX Font Info:    Font shape `TU/latinmodern-math.otf(3)/m/n' will be
(Font)              scaled to size 6.79927pt on input line 118.
LaTeX Font Info:    Font shape `TU/latinmodern-math.otf(3)/m/n' will be
(Font)              scaled to size 4.75946pt on input line 118.
LaTeX Font Info:    Font shape `TU/latinmodern-math.otf(3)/m/n' will be
(Font)              scaled to size 3.39963pt on input line 118.
LaTeX Font Info:    Font shape `TU/SourceSansPro(1)/m/n' will be
(Font)              scaled to size 9.0pt on input line 118.
LaTeX Font Info:    Font shape `TU/SourceSansPro(1)/m/it' will be
(Font)              scaled to size 9.0pt on input line 118.

Overfull \hbox (1.46pt too wide) in paragraph at lines 118--118
[]$[]$ $[]$$[]$ 
 []


Package fancyhdr Warning: \headheight is too small (12.0pt): 
(fancyhdr)                Make it at least 13.59999pt, for example:
(fancyhdr)                \setlength{\headheight}{13.59999pt}.
(fancyhdr)                You might also make \topmargin smaller to compensate:

(fancyhdr)                \addtolength{\topmargin}{-1.59999pt}.

LaTeX Font Info:    Font shape `TU/SourceSansPro(1)/m/n' will be
(Font)              scaled to size 8.0pt on input line 139.
LaTeX Font Info:    Font shape `TU/SourceSansPro(1)/m/sc' will be
(Font)              scaled to size 8.0pt on input line 139.
[1

] (./index.aux)
Package rerunfilecheck Info: File `index.out' has not changed.
(rerunfilecheck)             Checksum: D41D8CD98F00B204E9800998ECF8427E;0.
 ) 
Here is how much of TeX's memory you used:
 31777 strings out of 478492
 637955 string characters out of 5860185
 1097257 words of memory out of 5000000
 51543 multiletter control sequences out of 15000+600000
 407690 words of font info for 105 fonts, out of 8000000 for 9000
 14 hyphenation exceptions out of 8191
 116i,11n,122p,543b,634s stack positions out of 5000i,500n,10000p,200000b,80000s

Output written on index.pdf (1 page).
