This is XeTeX, Version 3.141592653-2.6-0.999993 (TeX Live 2021/W32TeX) (preloaded format=xelatex 2022.2.4)  24 MAY 2022 02:11
entering extended mode
 restricted \write18 enabled.
 %&-line parsing enabled.
**SchwartzSarah_CV_new.tex
(./SchwartzSarah_CV_new.tex
LaTeX2e <2021-11-15> patch level 1
L3 programming layer <2022-01-21> (./moderncv.cls
Document Class: moderncv 2015/07/28 v2.0.0 modern curriculum vitae and letter d
ocument class

(c:/Users/A00315273/AppData/Roaming/TinyTeX/texmf-dist/tex/latex/base/size11.cl
o
File: size11.clo 2021/10/04 v1.4n Standard LaTeX file (size option)
)
(c:/Users/A00315273/AppData/Roaming/TinyTeX/texmf-dist/tex/latex/etoolbox/etool
box.sty
Package: etoolbox 2020/10/05 v2.5k e-TeX tools for LaTeX (JAW)
\etb@tempcnta=\count181
)
(c:/Users/A00315273/AppData/Roaming/TinyTeX/texmf-dist/tex/latex/base/ifthen.st
y
Package: ifthen 2020/11/24 v1.1c Standard LaTeX ifthen package (DPC)
)
(c:/Users/A00315273/AppData/Roaming/TinyTeX/texmf-dist/tex/latex/xcolor/xcolor.
sty
Package: xcolor 2021/10/31 v2.13 LaTeX color extensions (UK)

(c:/Users/A00315273/AppData/Roaming/TinyTeX/texmf-dist/tex/latex/graphics-cfg/c
olor.cfg
File: color.cfg 2016/01/02 v1.6 sample color configuration
)
Package xcolor Info: Driver file: xetex.def on input line 227.

(c:/Users/A00315273/AppData/Roaming/TinyTeX/texmf-dist/tex/latex/graphics-def/x
etex.def
File: xetex.def 2021/03/18 v5.0k Graphics/color driver for xetex
)
(c:/Users/A00315273/AppData/Roaming/TinyTeX/texmf-dist/tex/latex/colortbl/color
tbl.sty
Package: colortbl 2020/01/04 v1.0e Color table columns (DPC)

(c:/Users/A00315273/AppData/Roaming/TinyTeX/texmf-dist/tex/latex/tools/array.st
y
Package: array 2021/10/04 v2.5f Tabular extension package (FMi)
\col@sep=\dimen138
\ar@mcellbox=\box50
\extrarowheight=\dimen139
\NC@list=\toks16
\extratabsurround=\skip47
\backup@length=\skip48
\ar@cellbox=\box51
)
\everycr=\toks17
\minrowclearance=\skip49
)
\rownum=\count182
Package xcolor Info: Model `cmy' substituted by `cmy0' on input line 1352.
Package xcolor Info: Model `RGB' extended on input line 1368.
Package xcolor Info: Model `HTML' substituted by `rgb' on input line 1370.
Package xcolor Info: Model `Hsb' substituted by `hsb' on input line 1371.
Package xcolor Info: Model `tHsb' substituted by `hsb' on input line 1372.
Package xcolor Info: Model `HSB' substituted by `hsb' on input line 1373.
Package xcolor Info: Model `Gray' substituted by `gray' on input line 1374.
Package xcolor Info: Model `wave' substituted by `hsb' on input line 1375.
)
(c:/Users/A00315273/AppData/Roaming/TinyTeX/texmf-dist/tex/generic/iftex/ifxete
x.sty
Package: ifxetex 2019/10/25 v0.7 ifxetex legacy package. Use iftex instead.

(c:/Users/A00315273/AppData/Roaming/TinyTeX/texmf-dist/tex/generic/iftex/iftex.
sty
Package: iftex 2020/03/06 v1.0d TeX engine tests
))
(c:/Users/A00315273/AppData/Roaming/TinyTeX/texmf-dist/tex/generic/iftex/ifluat
ex.sty
Package: ifluatex 2019/10/25 v1.5 ifluatex legacy package. Use iftex instead.
)
(c:/Users/A00315273/AppData/Roaming/TinyTeX/texmf-dist/tex/latex/base/fontenc.s
ty
Package: fontenc 2021/04/29 v2.0v Standard LaTeX package
LaTeX Font Info:    Trying to load font information for T1+lmr on input line 11
2.
(c:/Users/A00315273/AppData/Roaming/TinyTeX/texmf-dist/tex/latex/lm/t1lmr.fd
File: t1lmr.fd 2015/05/01 v1.6.1 Font defs for Latin Modern
))
(c:/Users/A00315273/AppData/Roaming/TinyTeX/texmf-dist/tex/latex/lm/lmodern.sty
Package: lmodern 2015/05/01 v1.6.1 Latin Modern Fonts
LaTeX Font Info:    Overwriting symbol font `operators' in version `normal'
(Font)                  OT1/cmr/m/n --> OT1/lmr/m/n on input line 22.
LaTeX Font Info:    Overwriting symbol font `letters' in version `normal'
(Font)                  OML/cmm/m/it --> OML/lmm/m/it on input line 23.
LaTeX Font Info:    Overwriting symbol font `symbols' in version `normal'
(Font)                  OMS/cmsy/m/n --> OMS/lmsy/m/n on input line 24.
LaTeX Font Info:    Overwriting symbol font `largesymbols' in version `normal'
(Font)                  OMX/cmex/m/n --> OMX/lmex/m/n on input line 25.
LaTeX Font Info:    Overwriting symbol font `operators' in version `bold'
(Font)                  OT1/cmr/bx/n --> OT1/lmr/bx/n on input line 26.
LaTeX Font Info:    Overwriting symbol font `letters' in version `bold'
(Font)                  OML/cmm/b/it --> OML/lmm/b/it on input line 27.
LaTeX Font Info:    Overwriting symbol font `symbols' in version `bold'
(Font)                  OMS/cmsy/b/n --> OMS/lmsy/b/n on input line 28.
LaTeX Font Info:    Overwriting symbol font `largesymbols' in version `bold'
(Font)                  OMX/cmex/m/n --> OMX/lmex/m/n on input line 29.
LaTeX Font Info:    Overwriting math alphabet `\mathbf' in version `normal'
(Font)                  OT1/cmr/bx/n --> OT1/lmr/bx/n on input line 31.
LaTeX Font Info:    Overwriting math alphabet `\mathsf' in version `normal'
(Font)                  OT1/cmss/m/n --> OT1/lmss/m/n on input line 32.
LaTeX Font Info:    Overwriting math alphabet `\mathit' in version `normal'
(Font)                  OT1/cmr/m/it --> OT1/lmr/m/it on input line 33.
LaTeX Font Info:    Overwriting math alphabet `\mathtt' in version `normal'
(Font)                  OT1/cmtt/m/n --> OT1/lmtt/m/n on input line 34.
LaTeX Font Info:    Overwriting math alphabet `\mathbf' in version `bold'
(Font)                  OT1/cmr/bx/n --> OT1/lmr/bx/n on input line 35.
LaTeX Font Info:    Overwriting math alphabet `\mathsf' in version `bold'
(Font)                  OT1/cmss/bx/n --> OT1/lmss/bx/n on input line 36.
LaTeX Font Info:    Overwriting math alphabet `\mathit' in version `bold'
(Font)                  OT1/cmr/bx/it --> OT1/lmr/bx/it on input line 37.
LaTeX Font Info:    Overwriting math alphabet `\mathtt' in version `bold'
(Font)                  OT1/cmtt/m/n --> OT1/lmtt/m/n on input line 38.
) (c:/Users/A00315273/AppData/Roaming/TinyTeX/texmf-dist/tex/latex/url/url.sty
\Urlmuskip=\muskip16
Package: url 2013/09/16  ver 3.4  Verb mode for urls, etc.
)
(c:/Users/A00315273/AppData/Roaming/TinyTeX/texmf-dist/tex/latex/graphics/graph
icx.sty
Package: graphicx 2021/09/16 v1.2d Enhanced LaTeX Graphics (DPC,SPQR)

(c:/Users/A00315273/AppData/Roaming/TinyTeX/texmf-dist/tex/latex/graphics/keyva
l.sty
Package: keyval 2014/10/28 v1.15 key=value parser (DPC)
\KV@toks@=\toks18
)
(c:/Users/A00315273/AppData/Roaming/TinyTeX/texmf-dist/tex/latex/graphics/graph
ics.sty
Package: graphics 2021/03/04 v1.4d Standard LaTeX Graphics (DPC,SPQR)

(c:/Users/A00315273/AppData/Roaming/TinyTeX/texmf-dist/tex/latex/graphics/trig.
sty
Package: trig 2021/08/11 v1.11 sin cos tan (DPC)
)
(c:/Users/A00315273/AppData/Roaming/TinyTeX/texmf-dist/tex/latex/graphics-cfg/g
raphics.cfg
File: graphics.cfg 2016/06/04 v1.11 sample graphics configuration
)
Package graphics Info: Driver file: xetex.def on input line 107.
)
\Gin@req@height=\dimen140
\Gin@req@width=\dimen141
)
(c:/Users/A00315273/AppData/Roaming/TinyTeX/texmf-dist/tex/latex/fancyhdr/fancy
hdr.sty
Package: fancyhdr 2021/01/28 v4.0.1 Extensive control of page headers and foote
rs
\f@nch@headwidth=\skip50
\f@nch@O@elh=\skip51
\f@nch@O@erh=\skip52
\f@nch@O@olh=\skip53
\f@nch@O@orh=\skip54
\f@nch@O@elf=\skip55
\f@nch@O@erf=\skip56
\f@nch@O@olf=\skip57
\f@nch@O@orf=\skip58
) (./tweaklist.sty)
(c:/Users/A00315273/AppData/Roaming/TinyTeX/texmf-dist/tex/latex/tools/calc.sty
Package: calc 2017/05/25 v4.3 Infix arithmetic (KKT,FJ)
\calc@Acount=\count183
\calc@Bcount=\count184
\calc@Adimen=\dimen142
\calc@Bdimen=\dimen143
\calc@Askip=\skip59
\calc@Bskip=\skip60
LaTeX Info: Redefining \setlength on input line 80.
LaTeX Info: Redefining \addtolength on input line 81.
\calc@Ccount=\count185
\calc@Cskip=\skip61
)
(c:/Users/A00315273/AppData/Roaming/TinyTeX/texmf-dist/tex/latex/l3packages/xpa
rse/xparse.sty
(c:/Users/A00315273/AppData/Roaming/TinyTeX/texmf-dist/tex/latex/l3kernel/expl3
.sty
Package: expl3 2022-01-21 L3 programming layer (loader) 

(c:/Users/A00315273/AppData/Roaming/TinyTeX/texmf-dist/tex/latex/l3backend/l3ba
ckend-xetex.def
File: l3backend-xetex.def 2022-01-12 L3 backend support: XeTeX
(|extractbb --version)
\c__kernel_sys_dvipdfmx_version_int=\count186
\l__color_backend_stack_int=\count187
\g__color_backend_stack_int=\count188
\g__graphics_track_int=\count189
\l__pdf_internal_box=\box52
\g__pdf_backend_object_int=\count190
\g__pdf_backend_annotation_int=\count191
\g__pdf_backend_link_int=\count192
))
Package: xparse 2022-01-12 L3 Experimental document command parser
)
(c:/Users/A00315273/AppData/Roaming/TinyTeX/texmf-dist/tex/latex/microtype/micr
otype.sty
Package: microtype 2021/12/10 v3.0b Micro-typographical refinements (RS)
\MT@toks=\toks19
\MT@count=\count193
\MT@tempbox=\box53
LaTeX Info: Redefining \leftprotrusion on input line 1010.
LaTeX Info: Redefining \rightprotrusion on input line 1018.
LaTeX Info: Redefining \textls on input line 1173.
\MT@outer@kern=\dimen144
LaTeX Info: Redefining \textmicrotypecontext on input line 1759.
\MT@listname@count=\count194

(c:/Users/A00315273/AppData/Roaming/TinyTeX/texmf-dist/tex/latex/microtype/micr
otype-xetex.def
File: microtype-xetex.def 2021/12/10 v3.0b Definitions specific to xetex (RS)
LaTeX Info: Redefining \lsstyle on input line 234.
)
Package microtype Info: Loading configuration file microtype.cfg.

(c:/Users/A00315273/AppData/Roaming/TinyTeX/texmf-dist/tex/latex/microtype/micr
otype.cfg
File: microtype.cfg 2021/12/10 v3.0b microtype main configuration file (RS)
)) (./moderncvcollection.sty
Package: moderncvcollection 2015/07/28 v2.0.0 moderncv collections
\c@collection@iterator=\count195
)
(c:/Users/A00315273/AppData/Roaming/TinyTeX/texmf-dist/tex/latex/moderncv/moder
ncvcompatibility.sty
Package: moderncvcompatibility 2021-12-16 v2.3.0 modern curriculum vitae and le
tter compatibility patches
)
\c@collection@phones@count=\count196
\c@collection@socials@count=\count197
\c@cvcolumnscounter=\count198
\c@cvcolumnsautowidthcounter=\count199
\c@tmpiteratorcounter=\count266
\cvcolumnsdummywidth=\skip62
\cvcolumnswidth=\skip63
\cvcolumnsautowidth=\skip64
\cvcolumnautowidth=\skip65
\bibindent=\skip66
) (./moderncvstylecasual.sty
Package: moderncvstylecasual 2015/07/28 v2.0.0 modern curriculum vitae and lett
er style scheme: casual

(c:/Users/A00315273/AppData/Roaming/TinyTeX/texmf-dist/tex/latex/moderncv/moder
ncviconsawesome.sty
Package: moderncviconsawesome 2021-12-16 v2.3.0 modern curriculum vitae icons: 
awesome

(c:/Users/A00315273/AppData/Roaming/TinyTeX/texmf-dist/tex/latex/fontawesome5/f
ontawesome5.sty
Package: fontawesome5 2021/06/04 v5.15.3 Font Awesome 5

(c:/Users/A00315273/AppData/Roaming/TinyTeX/texmf-dist/tex/latex/l3packages/l3k
eys2e/l3keys2e.sty
Package: l3keys2e 2022-01-12 LaTeX2e option processing using LaTeX3 keys
)
(c:/Users/A00315273/AppData/Roaming/TinyTeX/texmf-dist/tex/latex/fontawesome5/f
ontawesome5-utex-helper.sty
Package: fontawesome5-utex-helper 2021/06/04 v5.15.3 uTeX helper for fontawesom
e5
LaTeX Font Info:    Trying to load font information for TU+fontawesomefree on i
nput line 69.

(c:/Users/A00315273/AppData/Roaming/TinyTeX/texmf-dist/tex/latex/fontawesome5/t
ufontawesomefree.fd)
LaTeX Font Info:    Trying to load font information for TU+fontawesomebrands on
 input line 70.

(c:/Users/A00315273/AppData/Roaming/TinyTeX/texmf-dist/tex/latex/fontawesome5/t
ufontawesomebrands.fd)))) (./moderncvheadii.sty
Package: moderncvheadii 2015/07/28 v2.0.0 modern curriculum vitae and letter he
ader variant: 2
\makeheaddetailsbox=\box54
\makeheaddetailstempbox=\box55
\makeheaddetailswidth=\skip67
\makeheaddetailsboxwidth=\skip68
\quotewidth=\skip69
) (./moderncvbodyi.sty
Package: moderncvbodyi 2015/07/28 v2.0.0 modern curriculum vitae and letter bod
y variant: 1
\hintscolumnwidth=\skip70
\separatorcolumnwidth=\skip71
\maincolumnwidth=\skip72
\doubleitemcolumnwidth=\skip73
\listitemsymbolwidth=\skip74
\listitemcolumnwidth=\skip75
\listdoubleitemcolumnwidth=\skip76
\baseletterheight=\skip77
\cvitemwithcommentbox=\box56
\cvitemwithcommentskilllength=\skip78
\cvitemwithcommentcommentlength=\skip79
) (./moderncvfooti.sty
Package: moderncvfooti 2015/07/28 v2.0.0 modern curriculum vitae and letter foo
ter variant: 1
\footwidth=\skip80
\footbox=\box57
\foottempbox=\box58
\footboxwidth=\skip81
))
(c:/Users/A00315273/AppData/Roaming/TinyTeX/texmf-dist/tex/latex/dejavu/DejaVuS
ansMono.sty
Package: DejaVuSansMono 2011/06/01 Style file for DejaVuSansMono.
)
(c:/Users/A00315273/AppData/Roaming/TinyTeX/texmf-dist/tex/latex/geometry/geome
try.sty
Package: geometry 2020/01/02 v5.9 Page Geometry

(c:/Users/A00315273/AppData/Roaming/TinyTeX/texmf-dist/tex/generic/iftex/ifvtex
.sty
Package: ifvtex 2019/10/25 v1.7 ifvtex legacy package. Use iftex instead.
)
\Gm@cnth=\count267
\Gm@cntv=\count268
\c@Gm@tempcnt=\count269
\Gm@bindingoffset=\dimen145
\Gm@wd@mp=\dimen146
\Gm@odd@mp=\dimen147
\Gm@even@mp=\dimen148
\Gm@layoutwidth=\dimen149
\Gm@layoutheight=\dimen150
\Gm@layouthoffset=\dimen151
\Gm@layoutvoffset=\dimen152
\Gm@dimlist=\toks20
)
\cslhangindent=\skip82
\csllabelwidth=\skip83

(c:/Users/A00315273/AppData/Roaming/TinyTeX/texmf-dist/tex/latex/hyperref/hyper
ref.sty
Package: hyperref 2021-06-07 v7.00m Hypertext links for LaTeX

(c:/Users/A00315273/AppData/Roaming/TinyTeX/texmf-dist/tex/generic/ltxcmds/ltxc
mds.sty
Package: ltxcmds 2020-05-10 v1.25 LaTeX kernel commands for general use (HO)
)
(c:/Users/A00315273/AppData/Roaming/TinyTeX/texmf-dist/tex/generic/pdftexcmds/p
dftexcmds.sty
Package: pdftexcmds 2020-06-27 v0.33 Utility functions of pdfTeX for LuaTeX (HO
)

(c:/Users/A00315273/AppData/Roaming/TinyTeX/texmf-dist/tex/generic/infwarerr/in
fwarerr.sty
Package: infwarerr 2019/12/03 v1.5 Providing info/warning/error messages (HO)
)
Package pdftexcmds Info: \pdf@primitive is available.
Package pdftexcmds Info: \pdf@ifprimitive is available.
Package pdftexcmds Info: \pdfdraftmode not found.
)
(c:/Users/A00315273/AppData/Roaming/TinyTeX/texmf-dist/tex/generic/kvsetkeys/kv
setkeys.sty
Package: kvsetkeys 2019/12/15 v1.18 Key value parser (HO)
)
(c:/Users/A00315273/AppData/Roaming/TinyTeX/texmf-dist/tex/generic/kvdefinekeys
/kvdefinekeys.sty
Package: kvdefinekeys 2019-12-19 v1.6 Define keys (HO)
)
(c:/Users/A00315273/AppData/Roaming/TinyTeX/texmf-dist/tex/generic/pdfescape/pd
fescape.sty
Package: pdfescape 2019/12/09 v1.15 Implements pdfTeX's escape features (HO)
)
(c:/Users/A00315273/AppData/Roaming/TinyTeX/texmf-dist/tex/latex/hycolor/hycolo
r.sty
Package: hycolor 2020-01-27 v1.10 Color options for hyperref/bookmark (HO)
)
(c:/Users/A00315273/AppData/Roaming/TinyTeX/texmf-dist/tex/latex/letltxmacro/le
tltxmacro.sty
Package: letltxmacro 2019/12/03 v1.6 Let assignment for LaTeX macros (HO)
)
(c:/Users/A00315273/AppData/Roaming/TinyTeX/texmf-dist/tex/latex/auxhook/auxhoo
k.sty
Package: auxhook 2019-12-17 v1.6 Hooks for auxiliary files (HO)
)
(c:/Users/A00315273/AppData/Roaming/TinyTeX/texmf-dist/tex/latex/kvoptions/kvop
tions.sty
Package: kvoptions 2020-10-07 v3.14 Key value format for package options (HO)
)
\@linkdim=\dimen153
\Hy@linkcounter=\count270
\Hy@pagecounter=\count271

(c:/Users/A00315273/AppData/Roaming/TinyTeX/texmf-dist/tex/latex/hyperref/pd1en
c.def
File: pd1enc.def 2021-06-07 v7.00m Hyperref: PDFDocEncoding definition (HO)
)
(c:/Users/A00315273/AppData/Roaming/TinyTeX/texmf-dist/tex/latex/hyperref/hyper
ref-langpatches.def
File: hyperref-langpatches.def 2021-06-07 v7.00m Hyperref: patches for babel la
nguages
)
(c:/Users/A00315273/AppData/Roaming/TinyTeX/texmf-dist/tex/generic/intcalc/intc
alc.sty
Package: intcalc 2019/12/15 v1.3 Expandable calculations with integers (HO)
)
(c:/Users/A00315273/AppData/Roaming/TinyTeX/texmf-dist/tex/generic/etexcmds/ete
xcmds.sty
Package: etexcmds 2019/12/15 v1.7 Avoid name clashes with e-TeX commands (HO)
)
\Hy@SavedSpaceFactor=\count272

(c:/Users/A00315273/AppData/Roaming/TinyTeX/texmf-dist/tex/latex/hyperref/puenc
.def
File: puenc.def 2021-06-07 v7.00m Hyperref: PDF Unicode definition (HO)
)
Package hyperref Info: Option `unicode' set `true' on input line 4073.
Package hyperref Info: Hyper figures OFF on input line 4192.
Package hyperref Info: Link nesting OFF on input line 4197.
Package hyperref Info: Hyper index ON on input line 4200.
Package hyperref Info: Plain pages OFF on input line 4207.
Package hyperref Info: Backreferencing OFF on input line 4212.
Package hyperref Info: Implicit mode ON; LaTeX internals redefined.
Package hyperref Info: Bookmarks ON on input line 4445.
\c@Hy@tempcnt=\count273
LaTeX Info: Redefining \url on input line 4804.
\XeTeXLinkMargin=\dimen154

(c:/Users/A00315273/AppData/Roaming/TinyTeX/texmf-dist/tex/generic/bitset/bitse
t.sty
Package: bitset 2019/12/09 v1.3 Handle bit-vector datatype (HO)

(c:/Users/A00315273/AppData/Roaming/TinyTeX/texmf-dist/tex/generic/bigintcalc/b
igintcalc.sty
Package: bigintcalc 2019/12/15 v1.5 Expandable calculations on big integers (HO
)
))
\Fld@menulength=\count274
\Field@Width=\dimen155
\Fld@charsize=\dimen156
Package hyperref Info: Hyper figures OFF on input line 6076.
Package hyperref Info: Link nesting OFF on input line 6081.
Package hyperref Info: Hyper index ON on input line 6084.
Package hyperref Info: backreferencing OFF on input line 6091.
Package hyperref Info: Link coloring OFF on input line 6096.
Package hyperref Info: Link coloring with OCG OFF on input line 6101.
Package hyperref Info: PDF/A mode OFF on input line 6106.
LaTeX Info: Redefining \ref on input line 6146.
LaTeX Info: Redefining \pageref on input line 6150.

(c:/Users/A00315273/AppData/Roaming/TinyTeX/texmf-dist/tex/latex/base/atbegshi-
ltx.sty
Package: atbegshi-ltx 2021/01/10 v1.0c Emulation of the original atbegshi
package with kernel methods
)
\Hy@abspage=\count275
\c@Item=\count276
\c@Hfootnote=\count277
)
Package hyperref Info: Driver (autodetected): hxetex.

(c:/Users/A00315273/AppData/Roaming/TinyTeX/texmf-dist/tex/latex/hyperref/hxete
x.def
File: hxetex.def 2021-06-07 v7.00m Hyperref driver for XeTeX

(c:/Users/A00315273/AppData/Roaming/TinyTeX/texmf-dist/tex/generic/stringenc/st
ringenc.sty
Package: stringenc 2019/11/29 v1.12 Convert strings between diff. encodings (HO
)
)
\pdfm@box=\box59
\c@Hy@AnnotLevel=\count278
\HyField@AnnotCount=\count279
\Fld@listcount=\count280
\c@bookmark@seq@number=\count281

(c:/Users/A00315273/AppData/Roaming/TinyTeX/texmf-dist/tex/latex/rerunfilecheck
/rerunfilecheck.sty
Package: rerunfilecheck 2019/12/05 v1.9 Rerun checks for auxiliary files (HO)

(c:/Users/A00315273/AppData/Roaming/TinyTeX/texmf-dist/tex/latex/base/atveryend
-ltx.sty
Package: atveryend-ltx 2020/08/19 v1.0a Emulation of the original atveryend pac
kage
with kernel methods
)
(c:/Users/A00315273/AppData/Roaming/TinyTeX/texmf-dist/tex/generic/uniquecounte
r/uniquecounter.sty
Package: uniquecounter 2019/12/15 v1.4 Provide unlimited unique counter (HO)
)
Package uniquecounter Info: New unique counter `rerunfilecheck' on input line 2
86.
)
\Hy@SectionHShift=\skip84
)
Package hyperref Info: Option `breaklinks' set `true' on input line 87.
Package hyperref Info: Option `bookmarksopen' set `true' on input line 87.
(./SchwartzSarah_CV_new.aux)
\openout1 = `SchwartzSarah_CV_new.aux'.

LaTeX Font Info:    Checking defaults for OML/cmm/m/it on input line 87.
LaTeX Font Info:    ... okay on input line 87.
LaTeX Font Info:    Checking defaults for OMS/cmsy/m/n on input line 87.
LaTeX Font Info:    ... okay on input line 87.
LaTeX Font Info:    Checking defaults for OT1/cmr/m/n on input line 87.
LaTeX Font Info:    ... okay on input line 87.
LaTeX Font Info:    Checking defaults for T1/cmr/m/n on input line 87.
LaTeX Font Info:    ... okay on input line 87.
LaTeX Font Info:    Checking defaults for TS1/cmr/m/n on input line 87.
LaTeX Font Info:    Trying to load font information for TS1+cmr on input line 8
7.

(c:/Users/A00315273/AppData/Roaming/TinyTeX/texmf-dist/tex/latex/base/ts1cmr.fd
File: ts1cmr.fd 2019/12/16 v2.5j Standard LaTeX font definitions
)
LaTeX Font Info:    ... okay on input line 87.
LaTeX Font Info:    Checking defaults for TU/lmr/m/n on input line 87.
LaTeX Font Info:    ... okay on input line 87.
LaTeX Font Info:    Checking defaults for OMX/cmex/m/n on input line 87.
LaTeX Font Info:    ... okay on input line 87.
LaTeX Font Info:    Checking defaults for U/cmr/m/n on input line 87.
LaTeX Font Info:    ... okay on input line 87.
LaTeX Font Info:    Checking defaults for PD1/pdf/m/n on input line 87.
LaTeX Font Info:    ... okay on input line 87.
LaTeX Font Info:    Checking defaults for PU/pdf/m/n on input line 87.
LaTeX Font Info:    ... okay on input line 87.
LaTeX Info: Redefining \microtypecontext on input line 87.
Package microtype Info: Applying patch `item' on input line 87.
Package microtype Info: Applying patch `toc' on input line 87.
Package microtype Info: Applying patch `eqnum' on input line 87.
Package microtype Info: Applying patch `footnote' on input line 87.
Package microtype Info: Character protrusion enabled (level 2).
Package microtype Info: Using default protrusion set `alltext'.
Package microtype Info: No adjustment of tracking.
Package microtype Info: No adjustment of spacing.
Package microtype Info: No adjustment of kerning.

(c:/Users/A00315273/AppData/Roaming/TinyTeX/texmf-dist/tex/latex/microtype/mt-c
mr.cfg
File: mt-cmr.cfg 2013/05/19 v2.2 microtype config. file: Computer Modern Roman 
(RS)
)
*geometry* driver: auto-detecting
*geometry* detected driver: xetex
*geometry* verbose mode - [ preamble ] result:
* driver: xetex
* paper: a4paper
* layout: <same size as paper>
* layoutoffset:(h,v)=(0.0pt,0.0pt)
* modes: 
* h-part:(L,W,R)=(74.68848pt, 448.1309pt, 74.68849pt)
* v-part:(T,H,B)=(84.50467pt, 633.78513pt, 126.75705pt)
* \paperwidth=597.50787pt
* \paperheight=845.04684pt
* \textwidth=448.1309pt
* \textheight=633.78513pt
* \oddsidemargin=2.41849pt
* \evensidemargin=2.41849pt
* \topmargin=-24.76532pt
* \headheight=12.0pt
* \headsep=25.0pt
* \topskip=11.0pt
* \footskip=60.0pt
* \marginparwidth=50.0pt
* \marginparsep=10.0pt
* \columnsep=10.0pt
* \skip\footins=10.0pt plus 4.0pt minus 2.0pt
* \hoffset=0.0pt
* \voffset=0.0pt
* \mag=1000
* \@twocolumnfalse
* \@twosidefalse
* \@mparswitchfalse
* \@reversemarginfalse
* (1in=72.27pt=25.4mm, 1cm=28.453pt)

Package hyperref Info: Link coloring OFF on input line 87.

(c:/Users/A00315273/AppData/Roaming/TinyTeX/texmf-dist/tex/latex/hyperref/namer
ef.sty
Package: nameref 2021-04-02 v2.47 Cross-referencing by name of section

(c:/Users/A00315273/AppData/Roaming/TinyTeX/texmf-dist/tex/latex/refcount/refco
unt.sty
Package: refcount 2019/12/15 v3.6 Data extraction from label references (HO)
)
(c:/Users/A00315273/AppData/Roaming/TinyTeX/texmf-dist/tex/generic/gettitlestri
ng/gettitlestring.sty
Package: gettitlestring 2019/12/15 v1.6 Cleanup title references (HO)
)
\c@section@level=\count282
)
LaTeX Info: Redefining \ref on input line 87.
LaTeX Info: Redefining \pageref on input line 87.
LaTeX Info: Redefining \nameref on input line 87.
(./SchwartzSarah_CV_new.out) (./SchwartzSarah_CV_new.out)
\@outlinefile=\write3
\openout3 = `SchwartzSarah_CV_new.out'.

\pagenumberwidth=\skip85
\makecvheadpicturebox=\box60
\makecvheadpicturewidth=\skip86
\makecvheadnamebox=\box61
LaTeX Font Info:    Trying to load font information for OT1+lmr on input line 9
0.
(c:/Users/A00315273/AppData/Roaming/TinyTeX/texmf-dist/tex/latex/lm/ot1lmr.fd
File: ot1lmr.fd 2015/05/01 v1.6.1 Font defs for Latin Modern
)
LaTeX Font Info:    Trying to load font information for OML+lmm on input line 9
0.
(c:/Users/A00315273/AppData/Roaming/TinyTeX/texmf-dist/tex/latex/lm/omllmm.fd
File: omllmm.fd 2015/05/01 v1.6.1 Font defs for Latin Modern
)
LaTeX Font Info:    Trying to load font information for OMS+lmsy on input line 
90.
(c:/Users/A00315273/AppData/Roaming/TinyTeX/texmf-dist/tex/latex/lm/omslmsy.fd
File: omslmsy.fd 2015/05/01 v1.6.1 Font defs for Latin Modern
)
LaTeX Font Info:    Trying to load font information for OMX+lmex on input line 
90.
(c:/Users/A00315273/AppData/Roaming/TinyTeX/texmf-dist/tex/latex/lm/omxlmex.fd
File: omxlmex.fd 2015/05/01 v1.6.1 Font defs for Latin Modern
)
LaTeX Font Info:    External font `lmex10' loaded for size
(Font)              <10.95> on input line 90.
LaTeX Font Info:    External font `lmex10' loaded for size
(Font)              <8> on input line 90.
LaTeX Font Info:    External font `lmex10' loaded for size
(Font)              <6> on input line 90.

Underfull \hbox (badness 10000) in paragraph at lines 90--90

 []


(c:/Users/A00315273/AppData/Roaming/TinyTeX/texmf-dist/tex/latex/microtype/mt-T
U-empty.cfg
File: mt-TU-empty.cfg 2021/06/22 v1.1 microtype config. file: fonts with nonsta
ndard glyph set (RS)
)

Package fancyhdr Warning: \headheight is too small (12.0pt): 
(fancyhdr)                Make it at least 13.59999pt, for example:
(fancyhdr)                \setlength{\headheight}{13.59999pt}.
(fancyhdr)                You might also make \topmargin smaller to compensate:

(fancyhdr)                \addtolength{\topmargin}{-1.59999pt}.

LaTeX Font Info:    Trying to load font information for T1+DejaVuSansMono-TLF o
n input line 134.

(c:/Users/A00315273/AppData/Roaming/TinyTeX/texmf-dist/tex/latex/dejavu/T1DejaV
uSansMono-TLF.fd
File: T1DejaVuSansMono-TLF.fd 2011/06/01 Font definitions for T1/DejaVuSansMono
-TLF.
)
LaTeX Font Info:    Font shape `T1/DejaVuSansMono-TLF/m/sl' in size <10.95> not
 available
(Font)              Font shape `T1/DejaVuSansMono-TLF/m/it' tried instead on in
put line 134.
LaTeX Font Info:    Font shape `T1/DejaVuSansMono-TLF/m/it' will be
(Font)              scaled to size 9.41699pt on input line 134.
Package microtype Info: Loading generic protrusion settings for font family
(microtype)             `DejaVuSansMono-TLF' (encoding: T1).
(microtype)             For optimal results, create family-specific settings.
(microtype)             See the microtype manual for details.

Package fancyhdr Warning: \footskip is too small (60.0pt): 
(fancyhdr)                Make it at least 68.00002pt, for example:
(fancyhdr)                \setlength{\footskip}{68.00002pt}.

[1

]
LaTeX Font Info:    Font shape `T1/DejaVuSansMono-TLF/m/n' will be
(Font)              scaled to size 9.41699pt on input line 192.

Overfull \hbox (2.43333pt too wide) in paragraph at lines 188--193
[][] [] 
 []


Overfull \hbox (2.43333pt too wide) in paragraph at lines 194--200
[][] [] 
 []


Package fancyhdr Warning: \headheight is too small (12.0pt): 
(fancyhdr)                Make it at least 13.59999pt, for example:
(fancyhdr)                \setlength{\headheight}{13.59999pt}.
(fancyhdr)                You might also make \topmargin smaller to compensate:

(fancyhdr)                \addtolength{\topmargin}{-1.59999pt}.


Package fancyhdr Warning: \footskip is too small (60.0pt): 
(fancyhdr)                Make it at least 68.00002pt, for example:
(fancyhdr)                \setlength{\footskip}{68.00002pt}.

[2

]
Missing character: There is no ’ ("2019) in font ec-lmr10!

Package fancyhdr Warning: \headheight is too small (12.0pt): 
(fancyhdr)                Make it at least 13.59999pt, for example:
(fancyhdr)                \setlength{\headheight}{13.59999pt}.
(fancyhdr)                You might also make \topmargin smaller to compensate:

(fancyhdr)                \addtolength{\topmargin}{-1.59999pt}.


Package fancyhdr Warning: \footskip is too small (60.0pt): 
(fancyhdr)                Make it at least 68.00002pt, for example:
(fancyhdr)                \setlength{\footskip}{68.00002pt}.

[3

]

Package fancyhdr Warning: \headheight is too small (12.0pt): 
(fancyhdr)                Make it at least 13.59999pt, for example:
(fancyhdr)                \setlength{\headheight}{13.59999pt}.
(fancyhdr)                You might also make \topmargin smaller to compensate:

(fancyhdr)                \addtolength{\topmargin}{-1.59999pt}.


Package fancyhdr Warning: \footskip is too small (60.0pt): 
(fancyhdr)                Make it at least 68.00002pt, for example:
(fancyhdr)                \setlength{\footskip}{68.00002pt}.

[4

]

Package fancyhdr Warning: \headheight is too small (12.0pt): 
(fancyhdr)                Make it at least 13.59999pt, for example:
(fancyhdr)                \setlength{\headheight}{13.59999pt}.
(fancyhdr)                You might also make \topmargin smaller to compensate:

(fancyhdr)                \addtolength{\topmargin}{-1.59999pt}.


Package fancyhdr Warning: \footskip is too small (60.0pt): 
(fancyhdr)                Make it at least 68.00002pt, for example:
(fancyhdr)                \setlength{\footskip}{68.00002pt}.

[5]
Missing character: There is no “ ("201C) in font ec-lmbx10!
Missing character: There is no ” ("201D) in font ec-lmbx10!

Package fancyhdr Warning: \headheight is too small (12.0pt): 
(fancyhdr)                Make it at least 13.59999pt, for example:
(fancyhdr)                \setlength{\headheight}{13.59999pt}.
(fancyhdr)                You might also make \topmargin smaller to compensate:

(fancyhdr)                \addtolength{\topmargin}{-1.59999pt}.


Package fancyhdr Warning: \footskip is too small (60.0pt): 
(fancyhdr)                Make it at least 68.00002pt, for example:
(fancyhdr)                \setlength{\footskip}{68.00002pt}.

[6]
Missing character: There is no ’ ("2019) in font ec-lmro10!
Missing character: There is no – ("2013) in font ec-lmr10!
Missing character: There is no ’ ("2019) in font ec-lmro10!

Package fancyhdr Warning: \headheight is too small (12.0pt): 
(fancyhdr)                Make it at least 13.59999pt, for example:
(fancyhdr)                \setlength{\headheight}{13.59999pt}.
(fancyhdr)                You might also make \topmargin smaller to compensate:

(fancyhdr)                \addtolength{\topmargin}{-1.59999pt}.


Package fancyhdr Warning: \footskip is too small (60.0pt): 
(fancyhdr)                Make it at least 68.00002pt, for example:
(fancyhdr)                \setlength{\footskip}{68.00002pt}.

[7

]
Missing character: There is no ﬀ ("FB00) in font ec-lmro10!

Package fancyhdr Warning: \headheight is too small (12.0pt): 
(fancyhdr)                Make it at least 13.59999pt, for example:
(fancyhdr)                \setlength{\headheight}{13.59999pt}.
(fancyhdr)                You might also make \topmargin smaller to compensate:

(fancyhdr)                \addtolength{\topmargin}{-1.59999pt}.


Package fancyhdr Warning: \footskip is too small (60.0pt): 
(fancyhdr)                Make it at least 68.00002pt, for example:
(fancyhdr)                \setlength{\footskip}{68.00002pt}.

[8]
File: SchwartzSarah_CV_new_files/figure-latex/unnamed-chunk-3-1.pdf Graphic fil
e (type pdf)
<use SchwartzSarah_CV_new_files/figure-latex/unnamed-chunk-3-1.pdf>

Overfull \hbox (2.43333pt too wide) in paragraph at lines 475--482
[][] [] 
 []


Overfull \hbox (2.43333pt too wide) in paragraph at lines 483--488
[][] [] 
 []


Overfull \hbox (2.43333pt too wide) in paragraph at lines 489--494
[][] [] 
 []


Overfull \hbox (2.43333pt too wide) in paragraph at lines 495--501
[][] [] 
 []


Overfull \hbox (2.43333pt too wide) in paragraph at lines 502--508
[][] [] 
 []


Overfull \hbox (2.43333pt too wide) in paragraph at lines 509--516
[][] [] 
 []


Overfull \hbox (2.43333pt too wide) in paragraph at lines 517--524
[][] [] 
 []


Overfull \hbox (2.43333pt too wide) in paragraph at lines 525--533
[][] [] 
 []


Overfull \hbox (2.43333pt too wide) in paragraph at lines 534--540
[][] [] 
 []


Overfull \hbox (2.43333pt too wide) in paragraph at lines 541--547
[][] [] 
 []


Overfull \hbox (2.43333pt too wide) in paragraph at lines 548--555
[][] [] 
 []


Package fancyhdr Warning: \headheight is too small (12.0pt): 
(fancyhdr)                Make it at least 13.59999pt, for example:
(fancyhdr)                \setlength{\headheight}{13.59999pt}.
(fancyhdr)                You might also make \topmargin smaller to compensate:

(fancyhdr)                \addtolength{\topmargin}{-1.59999pt}.


Package fancyhdr Warning: \footskip is too small (60.0pt): 
(fancyhdr)                Make it at least 68.00002pt, for example:
(fancyhdr)                \setlength{\footskip}{68.00002pt}.

[9

]
Overfull \hbox (2.43333pt too wide) in paragraph at lines 556--563
[][] [] 
 []


Overfull \hbox (2.43333pt too wide) in paragraph at lines 571--579
[][] [] 
 []


Overfull \hbox (2.43333pt too wide) in paragraph at lines 580--589
[][] [] 
 []


Overfull \hbox (2.43333pt too wide) in paragraph at lines 590--597
[][] [] 
 []


Overfull \hbox (2.43333pt too wide) in paragraph at lines 598--604
[][] [] 
 []


Overfull \hbox (2.43333pt too wide) in paragraph at lines 610--617
[][] [] 
 []


Overfull \hbox (2.43333pt too wide) in paragraph at lines 618--623
[][] [] 
 []


Overfull \hbox (2.43333pt too wide) in paragraph at lines 624--631
[][] [] 
 []


Overfull \hbox (2.43333pt too wide) in paragraph at lines 632--638
[][] [] 
 []


Overfull \hbox (2.43333pt too wide) in paragraph at lines 639--645
[][] [] 
 []


Overfull \hbox (2.43333pt too wide) in paragraph at lines 646--653
[][] [] 
 []


Overfull \hbox (2.43333pt too wide) in paragraph at lines 654--661
[][] [] 
 []


Package fancyhdr Warning: \headheight is too small (12.0pt): 
(fancyhdr)                Make it at least 13.59999pt, for example:
(fancyhdr)                \setlength{\headheight}{13.59999pt}.
(fancyhdr)                You might also make \topmargin smaller to compensate:

(fancyhdr)                \addtolength{\topmargin}{-1.59999pt}.


Overfull \hbox (5.59653pt too wide) has occurred while \output is active
[]|\T1/lmr/m/it/10.95 10/[]23[] 
 []


Package fancyhdr Warning: \footskip is too small (60.0pt): 
(fancyhdr)                Make it at least 68.00002pt, for example:
(fancyhdr)                \setlength{\footskip}{68.00002pt}.

[10]
Overfull \hbox (2.43333pt too wide) in paragraph at lines 662--668
[][] [] 
 []


Overfull \hbox (2.43333pt too wide) in paragraph at lines 676--682
[][] [] 
 []


Overfull \hbox (2.43333pt too wide) in paragraph at lines 683--689
[][] [] 
 []

Missing character: There is no ı ("131) in font ec-lmr10!
Missing character: There is no ́ ("301) in font ec-lmr10!

Overfull \hbox (2.43333pt too wide) in paragraph at lines 690--698
[][] [] 
 []


Overfull \hbox (2.43333pt too wide) in paragraph at lines 699--705
[][] [] 
 []


Overfull \hbox (2.43333pt too wide) in paragraph at lines 706--712
[][] [] 
 []


Overfull \hbox (2.43333pt too wide) in paragraph at lines 713--720
[][] [] 
 []

Missing character: There is no ı ("131) in font ec-lmr10!
Missing character: There is no ́ ("301) in font ec-lmr10!

Overfull \hbox (2.43333pt too wide) in paragraph at lines 721--728
[][] [] 
 []


Overfull \hbox (2.43333pt too wide) in paragraph at lines 729--735
[][] [] 
 []


Overfull \hbox (2.43333pt too wide) in paragraph at lines 736--742
[][] [] 
 []


Overfull \hbox (2.43333pt too wide) in paragraph at lines 743--749
[][] [] 
 []


Overfull \hbox (2.43333pt too wide) in paragraph at lines 757--763
[][] [] 
 []


Package fancyhdr Warning: \headheight is too small (12.0pt): 
(fancyhdr)                Make it at least 13.59999pt, for example:
(fancyhdr)                \setlength{\headheight}{13.59999pt}.
(fancyhdr)                You might also make \topmargin smaller to compensate:

(fancyhdr)                \addtolength{\topmargin}{-1.59999pt}.


Overfull \hbox (5.59653pt too wide) has occurred while \output is active
[]|\T1/lmr/m/it/10.95 11/[]23[] 
 []


Package fancyhdr Warning: \footskip is too small (60.0pt): 
(fancyhdr)                Make it at least 68.00002pt, for example:
(fancyhdr)                \setlength{\footskip}{68.00002pt}.

[11]
Overfull \hbox (2.43333pt too wide) in paragraph at lines 764--772
[][] [] 
 []


Overfull \hbox (2.43333pt too wide) in paragraph at lines 773--779
[][] [] 
 []


Overfull \hbox (2.43333pt too wide) in paragraph at lines 780--786
[][] [] 
 []


Overfull \hbox (2.43333pt too wide) in paragraph at lines 787--795
[][] [] 
 []


Overfull \hbox (2.43333pt too wide) in paragraph at lines 796--802
[][] [] 
 []


Overfull \hbox (2.43333pt too wide) in paragraph at lines 803--810
[][] [] 
 []


Overfull \hbox (2.43333pt too wide) in paragraph at lines 811--818
[][] [] 
 []

Missing character: There is no ı ("131) in font ec-lmr10!
Missing character: There is no ́ ("301) in font ec-lmr10!

Overfull \hbox (2.43333pt too wide) in paragraph at lines 819--827
[][] [] 
 []

Missing character: There is no ı ("131) in font ec-lmr10!
Missing character: There is no ́ ("301) in font ec-lmr10!
Missing character: There is no ı ("131) in font ec-lmr10!
Missing character: There is no ́ ("301) in font ec-lmr10!

Overfull \hbox (2.43333pt too wide) in paragraph at lines 828--835
[][] [] 
 []


Overfull \hbox (2.43333pt too wide) in paragraph at lines 843--850
[][] [] 
 []


Overfull \hbox (2.43333pt too wide) in paragraph at lines 851--858
[][] [] 
 []


Package fancyhdr Warning: \headheight is too small (12.0pt): 
(fancyhdr)                Make it at least 13.59999pt, for example:
(fancyhdr)                \setlength{\headheight}{13.59999pt}.
(fancyhdr)                You might also make \topmargin smaller to compensate:

(fancyhdr)                \addtolength{\topmargin}{-1.59999pt}.


Overfull \hbox (5.59653pt too wide) has occurred while \output is active
[]|\T1/lmr/m/it/10.95 12/[]23[] 
 []


Package fancyhdr Warning: \footskip is too small (60.0pt): 
(fancyhdr)                Make it at least 68.00002pt, for example:
(fancyhdr)                \setlength{\footskip}{68.00002pt}.

[12]
Overfull \hbox (2.43333pt too wide) in paragraph at lines 859--866
[][] [] 
 []


Overfull \hbox (2.43333pt too wide) in paragraph at lines 867--873
[][] [] 
 []


Overfull \hbox (2.43333pt too wide) in paragraph at lines 881--889
[][] [] 
 []


Overfull \hbox (2.43333pt too wide) in paragraph at lines 890--898
[][] [] 
 []


Overfull \hbox (2.43333pt too wide) in paragraph at lines 899--907
[][] [] 
 []


Overfull \hbox (2.43333pt too wide) in paragraph at lines 908--916
[][] [] 
 []


Overfull \hbox (2.43333pt too wide) in paragraph at lines 917--924
[][] [] 
 []


Overfull \hbox (2.43333pt too wide) in paragraph at lines 925--931
[][] [] 
 []


Overfull \hbox (2.43333pt too wide) in paragraph at lines 932--940
[][] [] 
 []


Overfull \hbox (2.43333pt too wide) in paragraph at lines 941--948
[][] [] 
 []


Overfull \hbox (2.43333pt too wide) in paragraph at lines 949--957
[][] [] 
 []


Package fancyhdr Warning: \headheight is too small (12.0pt): 
(fancyhdr)                Make it at least 13.59999pt, for example:
(fancyhdr)                \setlength{\headheight}{13.59999pt}.
(fancyhdr)                You might also make \topmargin smaller to compensate:

(fancyhdr)                \addtolength{\topmargin}{-1.59999pt}.


Overfull \hbox (5.59653pt too wide) has occurred while \output is active
[]|\T1/lmr/m/it/10.95 13/[]23[] 
 []


Package fancyhdr Warning: \footskip is too small (60.0pt): 
(fancyhdr)                Make it at least 68.00002pt, for example:
(fancyhdr)                \setlength{\footskip}{68.00002pt}.

[13]
Overfull \hbox (2.43333pt too wide) in paragraph at lines 958--965
[][] [] 
 []


Overfull \hbox (2.43333pt too wide) in paragraph at lines 966--974
[][] [] 
 []


Overfull \hbox (2.43333pt too wide) in paragraph at lines 975--984
[][] [] 
 []


Overfull \hbox (2.43333pt too wide) in paragraph at lines 985--993
[][] [] 
 []


Overfull \hbox (2.43333pt too wide) in paragraph at lines 994--1001
[][] [] 
 []


Package fancyhdr Warning: \headheight is too small (12.0pt): 
(fancyhdr)                Make it at least 13.59999pt, for example:
(fancyhdr)                \setlength{\headheight}{13.59999pt}.
(fancyhdr)                You might also make \topmargin smaller to compensate:

(fancyhdr)                \addtolength{\topmargin}{-1.59999pt}.


Overfull \hbox (5.59653pt too wide) has occurred while \output is active
[]|\T1/lmr/m/it/10.95 14/[]23[] 
 []


Package fancyhdr Warning: \footskip is too small (60.0pt): 
(fancyhdr)                Make it at least 68.00002pt, for example:
(fancyhdr)                \setlength{\footskip}{68.00002pt}.

[14]
Missing character: There is no ı ("131) in font ec-lmr10!
Missing character: There is no ́ ("301) in font ec-lmr10!

Overfull \hbox (2.43333pt too wide) in paragraph at lines 1009--1017
[][] [] 
 []


Overfull \hbox (2.43333pt too wide) in paragraph at lines 1018--1024
[][] [] 
 []


Overfull \hbox (2.43333pt too wide) in paragraph at lines 1025--1031
[][] [] 
 []


Overfull \hbox (2.43333pt too wide) in paragraph at lines 1032--1039
[][] [] 
 []


Overfull \hbox (2.43333pt too wide) in paragraph at lines 1040--1046
[][] [] 
 []


Overfull \hbox (2.43333pt too wide) in paragraph at lines 1047--1053
[][] [] 
 []


Overfull \hbox (2.43333pt too wide) in paragraph at lines 1054--1060
[][] [] 
 []


Overfull \hbox (2.43333pt too wide) in paragraph at lines 1068--1076
[][] [] 
 []


Overfull \hbox (2.43333pt too wide) in paragraph at lines 1077--1085
[][] [] 
 []


Overfull \hbox (2.43333pt too wide) in paragraph at lines 1086--1092
[][] [] 
 []


Overfull \hbox (2.43333pt too wide) in paragraph at lines 1093--1099
[][] [] 
 []


Overfull \hbox (2.43333pt too wide) in paragraph at lines 1100--1107
[][] [] 
 []


Package fancyhdr Warning: \headheight is too small (12.0pt): 
(fancyhdr)                Make it at least 13.59999pt, for example:
(fancyhdr)                \setlength{\headheight}{13.59999pt}.
(fancyhdr)                You might also make \topmargin smaller to compensate:

(fancyhdr)                \addtolength{\topmargin}{-1.59999pt}.


Overfull \hbox (5.59653pt too wide) has occurred while \output is active
[]|\T1/lmr/m/it/10.95 15/[]23[] 
 []


Package fancyhdr Warning: \footskip is too small (60.0pt): 
(fancyhdr)                Make it at least 68.00002pt, for example:
(fancyhdr)                \setlength{\footskip}{68.00002pt}.

[15

]
Overfull \hbox (2.43333pt too wide) in paragraph at lines 1108--1114
[][] [] 
 []


Overfull \hbox (2.43333pt too wide) in paragraph at lines 1115--1121
[][] [] 
 []


Overfull \hbox (2.43333pt too wide) in paragraph at lines 1122--1130
[][] [] 
 []


Overfull \hbox (2.43333pt too wide) in paragraph at lines 1131--1138
[][] [] 
 []


Overfull \hbox (2.43333pt too wide) in paragraph at lines 1139--1146
[][] [] 
 []


Overfull \hbox (2.43333pt too wide) in paragraph at lines 1147--1154
[][] [] 
 []


Overfull \hbox (2.43333pt too wide) in paragraph at lines 1155--1162
[][] [] 
 []


Overfull \hbox (2.43333pt too wide) in paragraph at lines 1163--1171
[][] [] 
 []


Overfull \hbox (2.43333pt too wide) in paragraph at lines 1172--1179
[][] [] 
 []


Overfull \hbox (2.43333pt too wide) in paragraph at lines 1180--1187
[][] [] 
 []


Overfull \hbox (2.43333pt too wide) in paragraph at lines 1188--1195
[][] [] 
 []


Overfull \hbox (2.43333pt too wide) in paragraph at lines 1196--1203
[][] [] 
 []


Package fancyhdr Warning: \headheight is too small (12.0pt): 
(fancyhdr)                Make it at least 13.59999pt, for example:
(fancyhdr)                \setlength{\headheight}{13.59999pt}.
(fancyhdr)                You might also make \topmargin smaller to compensate:

(fancyhdr)                \addtolength{\topmargin}{-1.59999pt}.


Overfull \hbox (5.59653pt too wide) has occurred while \output is active
[]|\T1/lmr/m/it/10.95 16/[]23[] 
 []


Package fancyhdr Warning: \footskip is too small (60.0pt): 
(fancyhdr)                Make it at least 68.00002pt, for example:
(fancyhdr)                \setlength{\footskip}{68.00002pt}.

[16]
Overfull \hbox (2.43333pt too wide) in paragraph at lines 1204--1212
[][] [] 
 []


Overfull \hbox (2.43333pt too wide) in paragraph at lines 1213--1221
[][] [] 
 []


Overfull \hbox (2.43333pt too wide) in paragraph at lines 1222--1230
[][] [] 
 []


Overfull \hbox (2.43333pt too wide) in paragraph at lines 1231--1238
[][] [] 
 []


Overfull \hbox (2.43333pt too wide) in paragraph at lines 1239--1248
[][] [] 
 []


Overfull \hbox (2.43333pt too wide) in paragraph at lines 1249--1255
[][] [] 
 []


Overfull \hbox (2.43333pt too wide) in paragraph at lines 1256--1263
[][] [] 
 []


Overfull \hbox (2.43333pt too wide) in paragraph at lines 1264--1272
[][] [] 
 []


Overfull \hbox (2.43333pt too wide) in paragraph at lines 1273--1282
[][] [] 
 []


Overfull \hbox (2.43333pt too wide) in paragraph at lines 1283--1291
[][] [] 
 []


Overfull \hbox (2.43333pt too wide) in paragraph at lines 1292--1299
[][] [] 
 []


Package fancyhdr Warning: \headheight is too small (12.0pt): 
(fancyhdr)                Make it at least 13.59999pt, for example:
(fancyhdr)                \setlength{\headheight}{13.59999pt}.
(fancyhdr)                You might also make \topmargin smaller to compensate:

(fancyhdr)                \addtolength{\topmargin}{-1.59999pt}.


Overfull \hbox (5.59653pt too wide) has occurred while \output is active
[]|\T1/lmr/m/it/10.95 17/[]23[] 
 []


Package fancyhdr Warning: \footskip is too small (60.0pt): 
(fancyhdr)                Make it at least 68.00002pt, for example:
(fancyhdr)                \setlength{\footskip}{68.00002pt}.

[17]
Overfull \hbox (2.43333pt too wide) in paragraph at lines 1300--1306
[][] [] 
 []


Overfull \hbox (2.43333pt too wide) in paragraph at lines 1307--1314
[][] [] 
 []


Overfull \hbox (2.43333pt too wide) in paragraph at lines 1315--1324
[][] [] 
 []


Overfull \hbox (2.43333pt too wide) in paragraph at lines 1325--1333
[][] [] 
 []


Overfull \hbox (2.43333pt too wide) in paragraph at lines 1334--1342
[][] [] 
 []


Overfull \hbox (2.43333pt too wide) in paragraph at lines 1343--1351
[][] [] 
 []


Overfull \hbox (2.43333pt too wide) in paragraph at lines 1352--1359
[][] [] 
 []


Overfull \hbox (2.43333pt too wide) in paragraph at lines 1367--1373
[][] [] 
 []


Package fancyhdr Warning: \headheight is too small (12.0pt): 
(fancyhdr)                Make it at least 13.59999pt, for example:
(fancyhdr)                \setlength{\headheight}{13.59999pt}.
(fancyhdr)                You might also make \topmargin smaller to compensate:

(fancyhdr)                \addtolength{\topmargin}{-1.59999pt}.


Overfull \hbox (5.59653pt too wide) has occurred while \output is active
[]|\T1/lmr/m/it/10.95 18/[]23[] 
 []


Package fancyhdr Warning: \footskip is too small (60.0pt): 
(fancyhdr)                Make it at least 68.00002pt, for example:
(fancyhdr)                \setlength{\footskip}{68.00002pt}.

[18]
Overfull \hbox (2.43333pt too wide) in paragraph at lines 1382--1387
[][] [] 
 []


Overfull \hbox (2.43333pt too wide) in paragraph at lines 1395--1400
[][] [] 
 []


Overfull \hbox (2.43333pt too wide) in paragraph at lines 1401--1406
[][] [] 
 []


Package fancyhdr Warning: \headheight is too small (12.0pt): 
(fancyhdr)                Make it at least 13.59999pt, for example:
(fancyhdr)                \setlength{\headheight}{13.59999pt}.
(fancyhdr)                You might also make \topmargin smaller to compensate:

(fancyhdr)                \addtolength{\topmargin}{-1.59999pt}.


Overfull \hbox (5.59653pt too wide) has occurred while \output is active
[]|\T1/lmr/m/it/10.95 19/[]23[] 
 []


Package fancyhdr Warning: \footskip is too small (60.0pt): 
(fancyhdr)                Make it at least 68.00002pt, for example:
(fancyhdr)                \setlength{\footskip}{68.00002pt}.

[19

]
Missing character: There is no ’ ("2019) in font ec-lmr10!

Package fancyhdr Warning: \headheight is too small (12.0pt): 
(fancyhdr)                Make it at least 13.59999pt, for example:
(fancyhdr)                \setlength{\headheight}{13.59999pt}.
(fancyhdr)                You might also make \topmargin smaller to compensate:

(fancyhdr)                \addtolength{\topmargin}{-1.59999pt}.


Overfull \hbox (5.59653pt too wide) has occurred while \output is active
[]|\T1/lmr/m/it/10.95 20/[]23[] 
 []


Package fancyhdr Warning: \footskip is too small (60.0pt): 
(fancyhdr)                Make it at least 68.00002pt, for example:
(fancyhdr)                \setlength{\footskip}{68.00002pt}.

[20

]
Underfull \hbox (badness 3568) in paragraph at lines 1484--1484
[]|\T1/lmr/bx/n/10.95 Cassity Haver-camp\T1/lmr/m/n/10.95 , \T1/lmr/m/sl/10.95 
Psy-chol-ogy - Com-bined Pro-gram\T1/lmr/m/n/10.95 , Utah State
 []

Missing character: There is no ’ ("2019) in font ec-lmr10!

Package fancyhdr Warning: \headheight is too small (12.0pt): 
(fancyhdr)                Make it at least 13.59999pt, for example:
(fancyhdr)                \setlength{\headheight}{13.59999pt}.
(fancyhdr)                You might also make \topmargin smaller to compensate:

(fancyhdr)                \addtolength{\topmargin}{-1.59999pt}.


Overfull \hbox (5.59653pt too wide) has occurred while \output is active
[]|\T1/lmr/m/it/10.95 21/[]23[] 
 []


Package fancyhdr Warning: \footskip is too small (60.0pt): 
(fancyhdr)                Make it at least 68.00002pt, for example:
(fancyhdr)                \setlength{\footskip}{68.00002pt}.

[21]
Underfull \hbox (badness 1226) in paragraph at lines 1547--1547
[]|\T1/lmr/bx/n/10.95 J. Scott Crapo\T1/lmr/m/n/10.95 , \T1/lmr/m/sl/10.95 Hu-m
an De-vel-op-ment & Fam-ily Stud-ies\T1/lmr/m/n/10.95 , Utah State
 []


Underfull \hbox (badness 2368) in paragraph at lines 1557--1557
[]|\T1/lmr/bx/n/10.95 Sarai Hold-brook\T1/lmr/m/n/10.95 , \T1/lmr/m/sl/10.95 Sp
e-cial Ed-u-ca-tion and Re-ha-bil-i-ta-tion\T1/lmr/m/n/10.95 , Utah State
 []


Underfull \hbox (badness 1490) in paragraph at lines 1579--1579
[]|\T1/lmr/bx/n/10.95 Rylan Hel-stern\T1/lmr/m/n/10.95 , \T1/lmr/m/sl/10.95 Hu-
man De-vel-op-ment & Fam-ily Stud-ies\T1/lmr/m/n/10.95 , Utah State
 []


Package fancyhdr Warning: \headheight is too small (12.0pt): 
(fancyhdr)                Make it at least 13.59999pt, for example:
(fancyhdr)                \setlength{\headheight}{13.59999pt}.
(fancyhdr)                You might also make \topmargin smaller to compensate:

(fancyhdr)                \addtolength{\topmargin}{-1.59999pt}.


Overfull \hbox (5.59653pt too wide) has occurred while \output is active
[]|\T1/lmr/m/it/10.95 22/[]23[] 
 []


Package fancyhdr Warning: \footskip is too small (60.0pt): 
(fancyhdr)                Make it at least 68.00002pt, for example:
(fancyhdr)                \setlength{\footskip}{68.00002pt}.

[22]

Package fancyhdr Warning: \headheight is too small (12.0pt): 
(fancyhdr)                Make it at least 13.59999pt, for example:
(fancyhdr)                \setlength{\headheight}{13.59999pt}.
(fancyhdr)                You might also make \topmargin smaller to compensate:

(fancyhdr)                \addtolength{\topmargin}{-1.59999pt}.


Overfull \hbox (5.59653pt too wide) has occurred while \output is active
[]|\T1/lmr/m/it/10.95 23/[]23[] 
 []


Package fancyhdr Warning: \footskip is too small (60.0pt): 
(fancyhdr)                Make it at least 68.00002pt, for example:
(fancyhdr)                \setlength{\footskip}{68.00002pt}.

[23] (./SchwartzSarah_CV_new.aux)
Package rerunfilecheck Info: File `SchwartzSarah_CV_new.out' has not changed.
(rerunfilecheck)             Checksum: B36984717161975C8AFD3B63BCE026EA;6514.
 ) 
Here is how much of TeX's memory you used:
 13770 strings out of 478190
 228169 string characters out of 5852831
 566440 words of memory out of 5000000
 34135 multiletter control sequences out of 15000+600000
 525119 words of font info for 63 fonts, out of 8000000 for 9000
 14 hyphenation exceptions out of 8191
 86i,13n,105p,1017b,554s stack positions out of 5000i,500n,10000p,200000b,80000s

Output written on SchwartzSarah_CV_new.pdf (23 pages).
